[1;37m[INFO]  Initializing DPDK. This will take a few seconds...[0m
EAL: Probing VFIO support...
EAL: PCI device 0000:04:00.0 on NUMA socket 0
EAL:   probe driver: 8086:15ac net_ixgbe
EAL: PCI device 0000:04:00.1 on NUMA socket 0
EAL:   probe driver: 8086:15ac net_ixgbe
EAL: PCI device 0000:07:00.0 on NUMA socket 0
EAL:   probe driver: 8086:1533 net_e1000_igb
EAL: PCI device 0000:08:00.0 on NUMA socket 0
EAL:   probe driver: 8086:1533 net_e1000_igb
EAL: PCI device 0000:0b:00.0 on NUMA socket 0
EAL:   probe driver: 8086:1521 net_e1000_igb
EAL: PCI device 0000:0b:00.1 on NUMA socket 0
EAL:   probe driver: 8086:1521 net_e1000_igb
EAL: PCI device 0000:0b:00.2 on NUMA socket 0
EAL:   probe driver: 8086:1521 net_e1000_igb
EAL: PCI device 0000:0b:00.3 on NUMA socket 0
EAL:   probe driver: 8086:1521 net_e1000_igb
[1;37m[INFO]  Found 7 usable devices:[0m
   Device 0: AC:1F:6B:7C:88:6C ([0;32mIntel Corporation Ethernet Connection X552 10 GbE SFP+[0m)
   Device 1: AC:1F:6B:7C:88:6D ([0;32mIntel Corporation Ethernet Connection X552 10 GbE SFP+[0m)
   Device 2: AC:1F:6B:7C:7E:69 ([0;32mIntel Corporation I210 Gigabit Network Connection[0m)
   Device 3: AC:1F:6B:7C:7E:6A ([0;32mIntel Corporation I350 Gigabit Network Connection[0m)
   Device 4: AC:1F:6B:7C:7E:6B ([0;32mIntel Corporation I350 Gigabit Network Connection[0m)
   Device 5: AC:1F:6B:7C:7E:6C ([0;32mIntel Corporation I350 Gigabit Network Connection[0m)
   Device 6: AC:1F:6B:7C:7E:6D ([0;32mIntel Corporation I350 Gigabit Network Connection[0m)
PMD: ixgbe_dev_link_status_print(): Port 1: Link Up - speed 0 Mbps - half-duplex
PMD: ixgbe_dev_link_status_print(): Port 0: Link Up - speed 0 Mbps - half-duplex
[1;37m[INFO]  Waiting for devices to come up...[0m
[1;37m[INFO]  Device 1 (AC:1F:6B:7C:88:6D) is up: 10000 MBit/s[0m
[1;37m[INFO]  Device 0 (AC:1F:6B:7C:88:6C) is up: 10000 MBit/s[0m
[1;37m[INFO]  [0;32m2 devices are up.[0m[0m
File: latencies-post.pcapFile: latencies-pre.pcap

[1;37m[INFO]  Finished all capturing/writing operations[0m
