Reading package lists...
Building dependency tree...
Reading state information...
python3 is already the newest version (3.11.2-1+b1).
ifstat is already the newest version (1.1-8.2).
The following additional packages will be installed:
  javascript-common libexpat1 libexpat1-dev libjq1 libjs-jquery
  libjs-sphinxdoc libjs-underscore libonig5 libpython3-dev libpython3.11
  libpython3.11-dev libpython3.11-minimal libpython3.11-stdlib python3-pip-whl
  python3-pkg-resources python3-setuptools python3-setuptools-whl
  python3-wheel python3.11 python3.11-dev python3.11-minimal python3.11-venv
  zlib1g-dev
Suggested packages:
  apache2 | lighttpd | httpd python-setuptools-doc python3.11-doc
  binfmt-support ncompress tar-scripts tar-doc
The following NEW packages will be installed:
  ethtool javascript-common jq libexpat1-dev libjq1 libjs-jquery
  libjs-sphinxdoc libjs-underscore libonig5 libpython3-dev libpython3.11
  libpython3.11-dev python3-dev python3-pip python3-pip-whl
  python3-setuptools-whl python3-venv python3-wheel python3.11-dev
  python3.11-venv zlib1g-dev
The following packages will be upgraded:
  libexpat1 libpython3.11-minimal libpython3.11-stdlib python3-pkg-resources
  python3-setuptools python3.11 python3.11-minimal tar wget
9 upgraded, 21 newly installed, 0 to remove and 157 not upgraded.
Need to get 21.7 MB of archives.
After this operation, 50.5 MB of additional disk space will be used.
Get:1 http://mirror.lrz.de/debian bookworm/main amd64 tar amd64 1.34+dfsg-1.2+deb12u1 [836 kB]
Get:2 http://mirror.lrz.de/debian bookworm/main amd64 python3.11 amd64 3.11.2-6+deb12u7 [574 kB]
Get:3 http://mirror.lrz.de/debian bookworm/main amd64 libpython3.11-stdlib amd64 3.11.2-6+deb12u7 [1,797 kB]
Get:4 http://mirror.lrz.de/debian bookworm/main amd64 python3.11-minimal amd64 3.11.2-6+deb12u7 [2,066 kB]
Get:5 http://mirror.lrz.de/debian bookworm/main amd64 libpython3.11-minimal amd64 3.11.2-6+deb12u7 [818 kB]
Get:6 http://mirror.lrz.de/debian bookworm/main amd64 libexpat1 amd64 2.5.0-1+deb12u2 [99.9 kB]
Get:7 http://mirror.lrz.de/debian bookworm/main amd64 wget amd64 1.21.3-1+deb12u1 [937 kB]
Get:8 http://mirror.lrz.de/debian bookworm/main amd64 ethtool amd64 1:6.1-1 [197 kB]
Get:9 http://mirror.lrz.de/debian bookworm/main amd64 javascript-common all 11+nmu1 [6,260 B]
Get:10 http://mirror.lrz.de/debian bookworm/main amd64 libonig5 amd64 6.9.8-1 [188 kB]
Get:11 http://mirror.lrz.de/debian bookworm/main amd64 libjq1 amd64 1.6-2.1+deb12u1 [134 kB]
Get:12 http://mirror.lrz.de/debian bookworm/main amd64 jq amd64 1.6-2.1+deb12u1 [63.7 kB]
Get:13 http://mirror.lrz.de/debian bookworm/main amd64 libexpat1-dev amd64 2.5.0-1+deb12u2 [151 kB]
Get:14 http://mirror.lrz.de/debian bookworm/main amd64 libjs-jquery all 3.6.1+dfsg+~3.5.14-1 [326 kB]
Get:15 http://mirror.lrz.de/debian bookworm/main amd64 libjs-underscore all 1.13.4~dfsg+~1.11.4-3 [116 kB]
Get:16 http://mirror.lrz.de/debian bookworm/main amd64 libjs-sphinxdoc all 5.3.0-4 [130 kB]
Get:17 http://mirror.lrz.de/debian bookworm/main amd64 libpython3.11 amd64 3.11.2-6+deb12u7 [1,988 kB]
Get:18 http://mirror.lrz.de/debian bookworm/main amd64 zlib1g-dev amd64 1:1.2.13.dfsg-1 [916 kB]
Get:19 http://mirror.lrz.de/debian bookworm/main amd64 libpython3.11-dev amd64 3.11.2-6+deb12u7 [4,743 kB]
Get:20 http://mirror.lrz.de/debian bookworm/main amd64 libpython3-dev amd64 3.11.2-1+b1 [9,572 B]
Get:21 http://mirror.lrz.de/debian bookworm/main amd64 python3.11-dev amd64 3.11.2-6+deb12u7 [617 kB]
Get:22 http://mirror.lrz.de/debian bookworm/main amd64 python3-dev amd64 3.11.2-1+b1 [26.2 kB]
Get:23 http://mirror.lrz.de/debian bookworm/main amd64 python3-setuptools all 66.1.1-1+deb12u2 [522 kB]
Get:24 http://mirror.lrz.de/debian bookworm/main amd64 python3-pkg-resources all 66.1.1-1+deb12u2 [297 kB]
Get:25 http://mirror.lrz.de/debian bookworm/main amd64 python3-wheel all 0.38.4-2 [30.8 kB]
Get:26 http://mirror.lrz.de/debian bookworm/main amd64 python3-pip all 23.0.1+dfsg-1 [1,325 kB]
Get:27 http://mirror.lrz.de/debian bookworm/main amd64 python3-pip-whl all 23.0.1+dfsg-1 [1,717 kB]
Get:28 http://mirror.lrz.de/debian bookworm/main amd64 python3-setuptools-whl all 66.1.1-1+deb12u2 [1,112 kB]
Get:29 http://mirror.lrz.de/debian bookworm/main amd64 python3.11-venv amd64 3.11.2-6+deb12u7 [5,892 B]
Get:30 http://mirror.lrz.de/debian bookworm/main amd64 python3-venv amd64 3.11.2-1+b1 [1,200 B]
Fetched 21.7 MB in 1s (32.1 MB/s)
(Reading database ... 
(Reading database ... 5%
(Reading database ... 10%
(Reading database ... 15%
(Reading database ... 20%
(Reading database ... 25%
(Reading database ... 30%
(Reading database ... 35%
(Reading database ... 40%
(Reading database ... 45%
(Reading database ... 50%
(Reading database ... 55%
(Reading database ... 60%
(Reading database ... 65%
(Reading database ... 70%
(Reading database ... 75%
(Reading database ... 80%
(Reading database ... 85%
(Reading database ... 90%
(Reading database ... 95%
(Reading database ... 100%
(Reading database ... 63380 files and directories currently installed.)
Preparing to unpack .../tar_1.34+dfsg-1.2+deb12u1_amd64.deb ...
Unpacking tar (1.34+dfsg-1.2+deb12u1) over (1.34+dfsg-1.2) ...
Setting up tar (1.34+dfsg-1.2+deb12u1) ...
(Reading database ... 
(Reading database ... 5%
(Reading database ... 10%
(Reading database ... 15%
(Reading database ... 20%
(Reading database ... 25%
(Reading database ... 30%
(Reading database ... 35%
(Reading database ... 40%
(Reading database ... 45%
(Reading database ... 50%
(Reading database ... 55%
(Reading database ... 60%
(Reading database ... 65%
(Reading database ... 70%
(Reading database ... 75%
(Reading database ... 80%
(Reading database ... 85%
(Reading database ... 90%
(Reading database ... 95%
(Reading database ... 100%
(Reading database ... 63380 files and directories currently installed.)
Preparing to unpack .../00-python3.11_3.11.2-6+deb12u7_amd64.deb ...
Unpacking python3.11 (3.11.2-6+deb12u7) over (3.11.2-6) ...
Preparing to unpack .../01-libpython3.11-stdlib_3.11.2-6+deb12u7_amd64.deb ...
Unpacking libpython3.11-stdlib:amd64 (3.11.2-6+deb12u7) over (3.11.2-6) ...
Preparing to unpack .../02-python3.11-minimal_3.11.2-6+deb12u7_amd64.deb ...
Unpacking python3.11-minimal (3.11.2-6+deb12u7) over (3.11.2-6) ...
Preparing to unpack .../03-libpython3.11-minimal_3.11.2-6+deb12u7_amd64.deb ...
Unpacking libpython3.11-minimal:amd64 (3.11.2-6+deb12u7) over (3.11.2-6) ...
Preparing to unpack .../04-libexpat1_2.5.0-1+deb12u2_amd64.deb ...
Unpacking libexpat1:amd64 (2.5.0-1+deb12u2) over (2.5.0-1) ...
Preparing to unpack .../05-wget_1.21.3-1+deb12u1_amd64.deb ...
Unpacking wget (1.21.3-1+deb12u1) over (1.21.3-1+b2) ...
Selecting previously unselected package ethtool.
Preparing to unpack .../06-ethtool_1%3a6.1-1_amd64.deb ...
Unpacking ethtool (1:6.1-1) ...
Selecting previously unselected package javascript-common.
Preparing to unpack .../07-javascript-common_11+nmu1_all.deb ...
Unpacking javascript-common (11+nmu1) ...
Selecting previously unselected package libonig5:amd64.
Preparing to unpack .../08-libonig5_6.9.8-1_amd64.deb ...
Unpacking libonig5:amd64 (6.9.8-1) ...
Selecting previously unselected package libjq1:amd64.
Preparing to unpack .../09-libjq1_1.6-2.1+deb12u1_amd64.deb ...
Unpacking libjq1:amd64 (1.6-2.1+deb12u1) ...
Selecting previously unselected package jq.
Preparing to unpack .../10-jq_1.6-2.1+deb12u1_amd64.deb ...
Unpacking jq (1.6-2.1+deb12u1) ...
Selecting previously unselected package libexpat1-dev:amd64.
Preparing to unpack .../11-libexpat1-dev_2.5.0-1+deb12u2_amd64.deb ...
Unpacking libexpat1-dev:amd64 (2.5.0-1+deb12u2) ...
Selecting previously unselected package libjs-jquery.
Preparing to unpack .../12-libjs-jquery_3.6.1+dfsg+~3.5.14-1_all.deb ...
Unpacking libjs-jquery (3.6.1+dfsg+~3.5.14-1) ...
Selecting previously unselected package libjs-underscore.
Preparing to unpack .../13-libjs-underscore_1.13.4~dfsg+~1.11.4-3_all.deb ...
Unpacking libjs-underscore (1.13.4~dfsg+~1.11.4-3) ...
Selecting previously unselected package libjs-sphinxdoc.
Preparing to unpack .../14-libjs-sphinxdoc_5.3.0-4_all.deb ...
Unpacking libjs-sphinxdoc (5.3.0-4) ...
Selecting previously unselected package libpython3.11:amd64.
Preparing to unpack .../15-libpython3.11_3.11.2-6+deb12u7_amd64.deb ...
Unpacking libpython3.11:amd64 (3.11.2-6+deb12u7) ...
Selecting previously unselected package zlib1g-dev:amd64.
Preparing to unpack .../16-zlib1g-dev_1%3a1.2.13.dfsg-1_amd64.deb ...
Unpacking zlib1g-dev:amd64 (1:1.2.13.dfsg-1) ...
Selecting previously unselected package libpython3.11-dev:amd64.
Preparing to unpack .../17-libpython3.11-dev_3.11.2-6+deb12u7_amd64.deb ...
Unpacking libpython3.11-dev:amd64 (3.11.2-6+deb12u7) ...
Selecting previously unselected package libpython3-dev:amd64.
Preparing to unpack .../18-libpython3-dev_3.11.2-1+b1_amd64.deb ...
Unpacking libpython3-dev:amd64 (3.11.2-1+b1) ...
Selecting previously unselected package python3.11-dev.
Preparing to unpack .../19-python3.11-dev_3.11.2-6+deb12u7_amd64.deb ...
Unpacking python3.11-dev (3.11.2-6+deb12u7) ...
Selecting previously unselected package python3-dev.
Preparing to unpack .../20-python3-dev_3.11.2-1+b1_amd64.deb ...
Unpacking python3-dev (3.11.2-1+b1) ...
Preparing to unpack .../21-python3-setuptools_66.1.1-1+deb12u2_all.deb ...
Unpacking python3-setuptools (66.1.1-1+deb12u2) over (66.1.1-1) ...
Preparing to unpack .../22-python3-pkg-resources_66.1.1-1+deb12u2_all.deb ...
Unpacking python3-pkg-resources (66.1.1-1+deb12u2) over (66.1.1-1) ...
Selecting previously unselected package python3-wheel.
Preparing to unpack .../23-python3-wheel_0.38.4-2_all.deb ...
Unpacking python3-wheel (0.38.4-2) ...
Selecting previously unselected package python3-pip.
Preparing to unpack .../24-python3-pip_23.0.1+dfsg-1_all.deb ...
Unpacking python3-pip (23.0.1+dfsg-1) ...
Selecting previously unselected package python3-pip-whl.
Preparing to unpack .../25-python3-pip-whl_23.0.1+dfsg-1_all.deb ...
Unpacking python3-pip-whl (23.0.1+dfsg-1) ...
Selecting previously unselected package python3-setuptools-whl.
Preparing to unpack .../26-python3-setuptools-whl_66.1.1-1+deb12u2_all.deb ...
Unpacking python3-setuptools-whl (66.1.1-1+deb12u2) ...
Selecting previously unselected package python3.11-venv.
Preparing to unpack .../27-python3.11-venv_3.11.2-6+deb12u7_amd64.deb ...
Unpacking python3.11-venv (3.11.2-6+deb12u7) ...
Selecting previously unselected package python3-venv.
Preparing to unpack .../28-python3-venv_3.11.2-1+b1_amd64.deb ...
Unpacking python3-venv (3.11.2-1+b1) ...
Setting up python3-pkg-resources (66.1.1-1+deb12u2) ...
Setting up libexpat1:amd64 (2.5.0-1+deb12u2) ...
Setting up javascript-common (11+nmu1) ...
Setting up python3-setuptools-whl (66.1.1-1+deb12u2) ...
Setting up python3-setuptools (66.1.1-1+deb12u2) ...
Setting up wget (1.21.3-1+deb12u1) ...
Setting up python3-pip-whl (23.0.1+dfsg-1) ...
Setting up python3-wheel (0.38.4-2) ...
Setting up libexpat1-dev:amd64 (2.5.0-1+deb12u2) ...
Setting up python3-pip (23.0.1+dfsg-1) ...
Setting up zlib1g-dev:amd64 (1:1.2.13.dfsg-1) ...
Setting up libpython3.11-minimal:amd64 (3.11.2-6+deb12u7) ...
Setting up libjs-jquery (3.6.1+dfsg+~3.5.14-1) ...
Setting up libonig5:amd64 (6.9.8-1) ...
Setting up libjs-underscore (1.13.4~dfsg+~1.11.4-3) ...
Setting up ethtool (1:6.1-1) ...
Setting up python3.11-minimal (3.11.2-6+deb12u7) ...
Setting up libjq1:amd64 (1.6-2.1+deb12u1) ...
Setting up libpython3.11-stdlib:amd64 (3.11.2-6+deb12u7) ...
Setting up libjs-sphinxdoc (5.3.0-4) ...
Setting up jq (1.6-2.1+deb12u1) ...
Setting up python3.11 (3.11.2-6+deb12u7) ...
Setting up libpython3.11:amd64 (3.11.2-6+deb12u7) ...
Setting up python3.11-venv (3.11.2-6+deb12u7) ...
Setting up libpython3.11-dev:amd64 (3.11.2-6+deb12u7) ...
Setting up libpython3-dev:amd64 (3.11.2-1+b1) ...
Setting up python3.11-dev (3.11.2-6+deb12u7) ...
Setting up python3-venv (3.11.2-1+b1) ...
Setting up python3-dev (3.11.2-1+b1) ...
Processing triggers for systemd (252.19-1~deb12u1) ...
Processing triggers for man-db (2.11.2-2) ...
Processing triggers for libc-bin (2.36-9+deb12u3) ...
