Get:1 http://mirror.lrz.de/debian bullseye InRelease [75.1 kB]
Get:2 http://security.debian.org bullseye-security InRelease [27.2 kB]
Get:3 http://mirror.lrz.de/debian bullseye/main amd64 Packages [8,066 kB]
Get:4 http://security.debian.org bullseye-security/main amd64 Packages [458 kB]
Get:5 http://security.debian.org bullseye-security/main Translation-en [308 kB]
Get:6 http://security.debian.org bullseye-security/contrib amd64 Packages [2,880 B]
Get:7 http://security.debian.org bullseye-security/contrib Translation-en [2,512 B]
Get:8 http://security.debian.org bullseye-security/non-free amd64 Packages [1,524 B]
Get:9 http://security.debian.org bullseye-security/non-free Translation-en [1,416 B]
Get:10 http://mirror.lrz.de/debian bullseye/main Translation-en [6,235 kB]
Get:11 http://mirror.lrz.de/debian bullseye/contrib amd64 Packages [50.4 kB]
Get:12 http://mirror.lrz.de/debian bullseye/contrib Translation-en [46.9 kB]
Get:13 http://mirror.lrz.de/debian bullseye/non-free amd64 Packages [96.4 kB]
Get:14 http://mirror.lrz.de/debian bullseye/non-free Translation-en [92.5 kB]
Fetched 15.5 MB in 2s (6,301 kB/s)
Reading package lists...
Reading package lists...
Building dependency tree...
Reading state information...
texlive-full is already the newest version (2020.20210202-3).
The following additional packages will be installed:
  libexpat1 libexpat1-dev libjs-sphinxdoc libpq5 libpython3-dev libpython3.9
  libpython3.9-dev libpython3.9-minimal libpython3.9-stdlib postgresql-13
  postgresql-client-13 postgresql-client-common postgresql-common
  python-pip-whl python3-dev python3-wheel python3.9 python3.9-dev
  python3.9-minimal python3.9-venv ssl-cert sysstat zlib1g zlib1g-dev
Suggested packages:
  postgresql-doc postgresql-doc-13 libjson-perl python3.9-doc binfmt-support
  isag
The following NEW packages will be installed:
  libexpat1-dev libjs-sphinxdoc libpq5 libpython3-dev libpython3.9
  libpython3.9-dev parallel postgresql postgresql-13 postgresql-client
  postgresql-client-13 postgresql-client-common postgresql-common python3-dev
  python3-pip python3-wheel python3-yaml python3.9-dev ssl-cert sysstat
  zlib1g-dev zstd
The following packages will be upgraded:
  libexpat1 libpython3.9-minimal libpython3.9-stdlib python-pip-whl python3.9
  python3.9-minimal python3.9-venv zlib1g
8 upgraded, 22 newly installed, 0 to remove and 266 not upgraded.
Need to get 33.6 MB of archives.
After this operation, 95.0 MB of additional disk space will be used.
Get:1 http://mirror.lrz.de/debian bullseye/main amd64 zlib1g amd64 1:1.2.11.dfsg-2+deb11u2 [91.4 kB]
Get:2 http://security.debian.org bullseye-security/main amd64 python-pip-whl all 20.3.4-4+deb11u2 [1,952 kB]
Get:3 http://mirror.lrz.de/debian bullseye/main amd64 libjs-sphinxdoc all 3.4.3-2 [127 kB]
Get:4 http://mirror.lrz.de/debian bullseye/main amd64 libpython3-dev amd64 3.9.2-3 [21.7 kB]
Get:5 http://mirror.lrz.de/debian bullseye/main amd64 parallel all 20161222-1.1 [306 kB]
Get:6 http://security.debian.org bullseye-security/main amd64 python3.9-venv amd64 3.9.2-1+deb11u7 [5,404 B]
Get:7 http://mirror.lrz.de/debian bullseye/main amd64 postgresql-client-common all 225+deb11u1 [89.4 kB]
Get:8 http://mirror.lrz.de/debian bullseye/main amd64 ssl-cert all 1.1.0+nmu1 [21.0 kB]
Get:9 http://security.debian.org bullseye-security/main amd64 python3.9 amd64 3.9.2-1+deb11u7 [468 kB]
Get:10 http://security.debian.org bullseye-security/main amd64 libpython3.9-stdlib amd64 3.9.2-1+deb11u7 [1,685 kB]
Get:11 http://mirror.lrz.de/debian bullseye/main amd64 postgresql-common all 225+deb11u1 [238 kB]
Get:12 http://security.debian.org bullseye-security/main amd64 python3.9-minimal amd64 3.9.2-1+deb11u7 [1,944 kB]
Get:13 http://mirror.lrz.de/debian bullseye/main amd64 postgresql all 13+225+deb11u1 [64.9 kB]
Get:14 http://security.debian.org bullseye-security/main amd64 libpython3.9-minimal amd64 3.9.2-1+deb11u7 [807 kB]
Get:15 http://mirror.lrz.de/debian bullseye/main amd64 postgresql-client all 13+225+deb11u1 [64.9 kB]
Get:16 http://security.debian.org bullseye-security/main amd64 libexpat1 amd64 2.2.10-2+deb11u7 [99.2 kB]
Get:17 http://security.debian.org bullseye-security/main amd64 libexpat1-dev amd64 2.2.10-2+deb11u7 [143 kB]
Get:18 http://mirror.lrz.de/debian bullseye/main amd64 zlib1g-dev amd64 1:1.2.11.dfsg-2+deb11u2 [191 kB]
Get:19 http://security.debian.org bullseye-security/main amd64 libpq5 amd64 13.23-0+deb11u4 [189 kB]
Get:20 http://security.debian.org bullseye-security/main amd64 libpython3.9 amd64 3.9.2-1+deb11u7 [1,694 kB]
Get:21 http://mirror.lrz.de/debian bullseye/main amd64 python3-dev amd64 3.9.2-3 [24.8 kB]
Get:22 http://security.debian.org bullseye-security/main amd64 libpython3.9-dev amd64 3.9.2-1+deb11u7 [4,316 kB]
Get:23 http://mirror.lrz.de/debian bullseye/main amd64 python3-wheel all 0.34.2-1 [24.0 kB]
Get:24 http://mirror.lrz.de/debian bullseye/main amd64 python3-yaml amd64 5.3.1-5 [138 kB]
Get:25 http://mirror.lrz.de/debian bullseye/main amd64 zstd amd64 1.4.8+dfsg-2.1 [630 kB]
Get:26 http://security.debian.org bullseye-security/main amd64 sysstat amd64 12.5.2-2+deb11u1 [603 kB]
Get:27 http://security.debian.org bullseye-security/main amd64 postgresql-client-13 amd64 13.23-0+deb11u4 [1,555 kB]
Get:28 http://security.debian.org bullseye-security/main amd64 postgresql-13 amd64 13.23-0+deb11u4 [15.2 MB]
Get:29 http://security.debian.org bullseye-security/main amd64 python3.9-dev amd64 3.9.2-1+deb11u7 [507 kB]
Get:30 http://security.debian.org bullseye-security/main amd64 python3-pip all 20.3.4-4+deb11u2 [338 kB]
Preconfiguring packages ...
Fetched 33.6 MB in 0s (94.6 MB/s)
(Reading database ... 
(Reading database ... 5%
(Reading database ... 10%
(Reading database ... 15%
(Reading database ... 20%
(Reading database ... 25%
(Reading database ... 30%
(Reading database ... 35%
(Reading database ... 40%
(Reading database ... 45%
(Reading database ... 50%
(Reading database ... 55%
(Reading database ... 60%
(Reading database ... 65%
(Reading database ... 70%
(Reading database ... 75%
(Reading database ... 80%
(Reading database ... 85%
(Reading database ... 90%
(Reading database ... 95%
(Reading database ... 100%
(Reading database ... 304634 files and directories currently installed.)
Preparing to unpack .../0-python-pip-whl_20.3.4-4+deb11u2_all.deb ...
Unpacking python-pip-whl (20.3.4-4+deb11u2) over (20.3.4-4) ...
Preparing to unpack .../1-python3.9-venv_3.9.2-1+deb11u7_amd64.deb ...
Unpacking python3.9-venv (3.9.2-1+deb11u7) over (3.9.2-1) ...
Preparing to unpack .../2-python3.9_3.9.2-1+deb11u7_amd64.deb ...
Unpacking python3.9 (3.9.2-1+deb11u7) over (3.9.2-1) ...
Preparing to unpack .../3-libpython3.9-stdlib_3.9.2-1+deb11u7_amd64.deb ...
Unpacking libpython3.9-stdlib:amd64 (3.9.2-1+deb11u7) over (3.9.2-1) ...
Preparing to unpack .../4-python3.9-minimal_3.9.2-1+deb11u7_amd64.deb ...
Unpacking python3.9-minimal (3.9.2-1+deb11u7) over (3.9.2-1) ...
Preparing to unpack .../5-libpython3.9-minimal_3.9.2-1+deb11u7_amd64.deb ...
Unpacking libpython3.9-minimal:amd64 (3.9.2-1+deb11u7) over (3.9.2-1) ...
Preparing to unpack .../6-libexpat1_2.2.10-2+deb11u7_amd64.deb ...
Unpacking libexpat1:amd64 (2.2.10-2+deb11u7) over (2.2.10-2) ...
Preparing to unpack .../7-zlib1g_1%3a1.2.11.dfsg-2+deb11u2_amd64.deb ...
Unpacking zlib1g:amd64 (1:1.2.11.dfsg-2+deb11u2) over (1:1.2.11.dfsg-2) ...
Setting up zlib1g:amd64 (1:1.2.11.dfsg-2+deb11u2) ...
Selecting previously unselected package libexpat1-dev:amd64.
(Reading database ... 
(Reading database ... 5%
(Reading database ... 10%
(Reading database ... 15%
(Reading database ... 20%
(Reading database ... 25%
(Reading database ... 30%
(Reading database ... 35%
(Reading database ... 40%
(Reading database ... 45%
(Reading database ... 50%
(Reading database ... 55%
(Reading database ... 60%
(Reading database ... 65%
(Reading database ... 70%
(Reading database ... 75%
(Reading database ... 80%
(Reading database ... 85%
(Reading database ... 90%
(Reading database ... 95%
(Reading database ... 100%
(Reading database ... 304635 files and directories currently installed.)
Preparing to unpack .../00-libexpat1-dev_2.2.10-2+deb11u7_amd64.deb ...
Unpacking libexpat1-dev:amd64 (2.2.10-2+deb11u7) ...
Selecting previously unselected package libjs-sphinxdoc.
Preparing to unpack .../01-libjs-sphinxdoc_3.4.3-2_all.deb ...
Unpacking libjs-sphinxdoc (3.4.3-2) ...
Selecting previously unselected package libpq5:amd64.
Preparing to unpack .../02-libpq5_13.23-0+deb11u4_amd64.deb ...
Unpacking libpq5:amd64 (13.23-0+deb11u4) ...
Selecting previously unselected package libpython3.9:amd64.
Preparing to unpack .../03-libpython3.9_3.9.2-1+deb11u7_amd64.deb ...
Unpacking libpython3.9:amd64 (3.9.2-1+deb11u7) ...
Selecting previously unselected package libpython3.9-dev:amd64.
Preparing to unpack .../04-libpython3.9-dev_3.9.2-1+deb11u7_amd64.deb ...
Unpacking libpython3.9-dev:amd64 (3.9.2-1+deb11u7) ...
Selecting previously unselected package libpython3-dev:amd64.
Preparing to unpack .../05-libpython3-dev_3.9.2-3_amd64.deb ...
Unpacking libpython3-dev:amd64 (3.9.2-3) ...
Selecting previously unselected package sysstat.
Preparing to unpack .../06-sysstat_12.5.2-2+deb11u1_amd64.deb ...
Unpacking sysstat (12.5.2-2+deb11u1) ...
Selecting previously unselected package parallel.
Preparing to unpack .../07-parallel_20161222-1.1_all.deb ...
Adding 'diversion of /usr/bin/parallel to /usr/bin/parallel.moreutils by parallel'
Adding 'diversion of /usr/share/man/man1/parallel.1.gz to /usr/share/man/man1/parallel.moreutils.1.gz by parallel'
Unpacking parallel (20161222-1.1) ...
Selecting previously unselected package postgresql-client-common.
Preparing to unpack .../08-postgresql-client-common_225+deb11u1_all.deb ...
Unpacking postgresql-client-common (225+deb11u1) ...
Selecting previously unselected package postgresql-client-13.
Preparing to unpack .../09-postgresql-client-13_13.23-0+deb11u4_amd64.deb ...
Unpacking postgresql-client-13 (13.23-0+deb11u4) ...
Selecting previously unselected package ssl-cert.
Preparing to unpack .../10-ssl-cert_1.1.0+nmu1_all.deb ...
Unpacking ssl-cert (1.1.0+nmu1) ...
Selecting previously unselected package postgresql-common.
Preparing to unpack .../11-postgresql-common_225+deb11u1_all.deb ...
Adding 'diversion of /usr/bin/pg_config to /usr/bin/pg_config.libpq-dev by postgresql-common'
Unpacking postgresql-common (225+deb11u1) ...
Selecting previously unselected package postgresql-13.
Preparing to unpack .../12-postgresql-13_13.23-0+deb11u4_amd64.deb ...
Unpacking postgresql-13 (13.23-0+deb11u4) ...
Selecting previously unselected package postgresql.
Preparing to unpack .../13-postgresql_13+225+deb11u1_all.deb ...
Unpacking postgresql (13+225+deb11u1) ...
Selecting previously unselected package postgresql-client.
Preparing to unpack .../14-postgresql-client_13+225+deb11u1_all.deb ...
Unpacking postgresql-client (13+225+deb11u1) ...
Selecting previously unselected package zlib1g-dev:amd64.
Preparing to unpack .../15-zlib1g-dev_1%3a1.2.11.dfsg-2+deb11u2_amd64.deb ...
Unpacking zlib1g-dev:amd64 (1:1.2.11.dfsg-2+deb11u2) ...
Selecting previously unselected package python3.9-dev.
Preparing to unpack .../16-python3.9-dev_3.9.2-1+deb11u7_amd64.deb ...
Unpacking python3.9-dev (3.9.2-1+deb11u7) ...
Selecting previously unselected package python3-dev.
Preparing to unpack .../17-python3-dev_3.9.2-3_amd64.deb ...
Unpacking python3-dev (3.9.2-3) ...
Selecting previously unselected package python3-wheel.
Preparing to unpack .../18-python3-wheel_0.34.2-1_all.deb ...
Unpacking python3-wheel (0.34.2-1) ...
Selecting previously unselected package python3-pip.
Preparing to unpack .../19-python3-pip_20.3.4-4+deb11u2_all.deb ...
Unpacking python3-pip (20.3.4-4+deb11u2) ...
Selecting previously unselected package python3-yaml.
Preparing to unpack .../20-python3-yaml_5.3.1-5_amd64.deb ...
Unpacking python3-yaml (5.3.1-5) ...
Selecting previously unselected package zstd.
Preparing to unpack .../21-zstd_1.4.8+dfsg-2.1_amd64.deb ...
Unpacking zstd (1.4.8+dfsg-2.1) ...
Setting up libexpat1:amd64 (2.2.10-2+deb11u7) ...
Setting up postgresql-client-common (225+deb11u1) ...
Setting up libpython3.9-minimal:amd64 (3.9.2-1+deb11u7) ...
Setting up libpq5:amd64 (13.23-0+deb11u4) ...
Setting up python3-yaml (5.3.1-5) ...
Setting up python3-wheel (0.34.2-1) ...
Setting up postgresql-client-13 (13.23-0+deb11u4) ...
update-alternatives: using /usr/share/postgresql/13/man/man1/psql.1.gz to provide /usr/share/man/man1/psql.1.gz (psql.1.gz) in auto mode
Setting up libexpat1-dev:amd64 (2.2.10-2+deb11u7) ...
Setting up ssl-cert (1.1.0+nmu1) ...
Setting up postgresql-common (225+deb11u1) ...
Adding user postgres to group ssl-cert

Creating config file /etc/postgresql-common/createcluster.conf with new version
Building PostgreSQL dictionaries from installed myspell/hunspell packages...
Removing obsolete dictionary files:
Created symlink /etc/systemd/system/multi-user.target.wants/postgresql.service → /lib/systemd/system/postgresql.service.
Setting up libjs-sphinxdoc (3.4.3-2) ...
Setting up zlib1g-dev:amd64 (1:1.2.11.dfsg-2+deb11u2) ...
Setting up postgresql-13 (13.23-0+deb11u4) ...
Creating new PostgreSQL cluster 13/main ...
/usr/lib/postgresql/13/bin/initdb -D /var/lib/postgresql/13/main --auth-local peer --auth-host md5
The files belonging to this database system will be owned by user "postgres".
This user must also own the server process.

The database cluster will be initialized with locale "en_US.UTF8".
The default database encoding has accordingly been set to "UTF8".
The default text search configuration will be set to "english".

Data page checksums are disabled.

fixing permissions on existing directory /var/lib/postgresql/13/main ... ok
creating subdirectories ... ok
selecting dynamic shared memory implementation ... posix
selecting default max_connections ... 100
selecting default shared_buffers ... 128MB
selecting default time zone ... Europe/Berlin
creating configuration files ... ok
running bootstrap script ... ok
performing post-bootstrap initialization ... ok
syncing data to disk ... ok

Success. You can now start the database server using:

    pg_ctlcluster 13 main start

Ver Cluster Port Status Owner    Data directory              Log file
[31m13  main    5432 down   postgres /var/lib/postgresql/13/main /var/log/postgresql/postgresql-13-main.log[0m
update-alternatives: using /usr/share/postgresql/13/man/man1/postmaster.1.gz to provide /usr/share/man/man1/postmaster.1.gz (postmaster.1.gz) in auto mode
Setting up python-pip-whl (20.3.4-4+deb11u2) ...
Setting up postgresql (13+225+deb11u1) ...
Setting up python3.9-minimal (3.9.2-1+deb11u7) ...
Setting up sysstat (12.5.2-2+deb11u1) ...

Creating config file /etc/default/sysstat with new version
update-alternatives: using /usr/bin/sar.sysstat to provide /usr/bin/sar (sar) in auto mode
Created symlink /etc/systemd/system/sysstat.service.wants/sysstat-collect.timer → /lib/systemd/system/sysstat-collect.timer.
Created symlink /etc/systemd/system/sysstat.service.wants/sysstat-summary.timer → /lib/systemd/system/sysstat-summary.timer.
Created symlink /etc/systemd/system/multi-user.target.wants/sysstat.service → /lib/systemd/system/sysstat.service.
Setting up zstd (1.4.8+dfsg-2.1) ...
Setting up libpython3.9-stdlib:amd64 (3.9.2-1+deb11u7) ...
Setting up postgresql-client (13+225+deb11u1) ...
Setting up libpython3.9:amd64 (3.9.2-1+deb11u7) ...
Setting up python3-pip (20.3.4-4+deb11u2) ...
Setting up parallel (20161222-1.1) ...
Setting up python3.9 (3.9.2-1+deb11u7) ...
Setting up libpython3.9-dev:amd64 (3.9.2-1+deb11u7) ...
Setting up python3.9-dev (3.9.2-1+deb11u7) ...
Setting up python3.9-venv (3.9.2-1+deb11u7) ...
Setting up libpython3-dev:amd64 (3.9.2-3) ...
Setting up python3-dev (3.9.2-3) ...
Processing triggers for man-db (2.9.4-2) ...
Processing triggers for libc-bin (2.31-13) ...
Collecting pypacker
  Downloading pypacker-5.4.tar.gz (633 kB)
Collecting netifaces
  Downloading netifaces-0.11.0-cp39-cp39-manylinux_2_5_x86_64.manylinux1_x86_64.whl (32 kB)
Collecting pandas
  Downloading pandas-2.3.3-cp39-cp39-manylinux_2_24_x86_64.manylinux_2_28_x86_64.whl (12.8 MB)
Collecting click
  Downloading click-8.1.8-py3-none-any.whl (98 kB)
Collecting numpy>=1.22.4
  Downloading numpy-2.0.2-cp39-cp39-manylinux_2_17_x86_64.manylinux2014_x86_64.whl (19.5 MB)
Collecting python-dateutil>=2.8.2
  Downloading python_dateutil-2.9.0.post0-py2.py3-none-any.whl (229 kB)
Collecting tzdata>=2022.7
  Downloading tzdata-2026.2-py2.py3-none-any.whl (349 kB)
Collecting pytz>=2020.1
  Downloading pytz-2026.2-py2.py3-none-any.whl (510 kB)
Requirement already satisfied: six>=1.5 in /usr/lib/python3/dist-packages (from python-dateutil>=2.8.2->pandas) (1.16.0)
Building wheels for collected packages: pypacker
  Building wheel for pypacker (setup.py): started
  Building wheel for pypacker (setup.py): finished with status 'done'
  Created wheel for pypacker: filename=pypacker-5.4-py3-none-any.whl size=436853 sha256=e5b9c73d92f63938734b469f0159e51aa2b7473d6d442093c3372db6a74fbef4
  Stored in directory: /root/.cache/pip/wheels/f2/1d/38/2df60f15a08f79b698e422b458908f88d5397c3241f2359fa7
Successfully built pypacker
Installing collected packages: tzdata, pytz, python-dateutil, numpy, pypacker, pandas, netifaces, click
  Attempting uninstall: python-dateutil
    Found existing installation: python-dateutil 2.8.1
    Not uninstalling python-dateutil at /usr/lib/python3/dist-packages, outside environment /usr
    Can't uninstall 'python-dateutil'. No files were found to uninstall.
Successfully installed click-8.1.8 netifaces-0.11.0 numpy-2.0.2 pandas-2.3.3 pypacker-5.4 python-dateutil-2.9.0.post0 pytz-2026.2 tzdata-2026.2
Evaluator setup finished (Tue 30 Jun 2026 07:59:50 PM CEST)
