Get:1 http://mirror.lrz.de/debian bullseye InRelease [75.1 kB]
Get:2 http://security.debian.org bullseye-security InRelease [27.1 kB]
Get:3 http://mirror.lrz.de/debian bullseye/main amd64 Packages [8,066 kB]
Get:4 http://security.debian.org bullseye-security/main amd64 Packages [458 kB]
Get:5 http://security.debian.org bullseye-security/main Translation-en [308 kB]
Get:6 http://security.debian.org bullseye-security/contrib amd64 Packages [2,880 B]
Get:7 http://security.debian.org bullseye-security/contrib Translation-en [2,512 B]
Get:8 http://security.debian.org bullseye-security/non-free amd64 Packages [1,524 B]
Get:9 http://security.debian.org bullseye-security/non-free Translation-en [1,416 B]
Get:10 http://mirror.lrz.de/debian bullseye/main Translation-en [6,235 kB]
Get:11 http://mirror.lrz.de/debian bullseye/contrib amd64 Packages [50.4 kB]
Get:12 http://mirror.lrz.de/debian bullseye/contrib Translation-en [46.9 kB]
Get:13 http://mirror.lrz.de/debian bullseye/non-free amd64 Packages [96.4 kB]
Get:14 http://mirror.lrz.de/debian bullseye/non-free Translation-en [92.5 kB]
Fetched 15.5 MB in 3s (5,040 kB/s)
Reading package lists...
Reading package lists...
Building dependency tree...
Reading state information...
Calculating upgrade...
The following packages have been kept back:
  linux-headers-amd64 linux-image-amd64
The following packages will be upgraded:
  adduser base-files bash bsdextrautils bsdutils busybox ca-certificates cpio
  curl dbus debian-archive-keyring dirmngr dpkg dpkg-dev e2fsprogs fdisk git
  git-man gnupg gnupg-l10n gnupg-utils gpg gpg-agent gpg-wks-client
  gpg-wks-server gpgconf gpgsm gpgv grep gzip isc-dhcp-client isc-dhcp-common
  less libarchive13 libblkid1 libbpf0 libbsd0 libc-bin libc-dev-bin
  libc-devtools libc-l10n libc6 libc6-dev libcap2 libcap2-bin libcom-err2
  libcryptsetup12 libcurl3-gnutls libcurl4 libdbus-1-3 libdbus-1-dev
  libdpkg-perl libexpat1 libext2fs2 libfastjson4 libfdisk1 libfreetype6 libgd3
  libglib2.0-0 libglib2.0-data libgnutls30 libgssapi-krb5-2 libicu67
  libjson-c5 libk5crypto3 libkrb5-3 libkrb5support0 libksba8 libldap-2.4-2
  libldap-common liblzma5 libmount1 libncurses6 libncursesw6 libnftables1
  libnghttp2-14 libnss-resolve libpam-modules libpam-modules-bin
  libpam-runtime libpam-systemd libpam0g libpcre2-8-0 libperl5.32 libpng16-16
  libpolkit-agent-1-0 libpolkit-gobject-1-0 libpython3.9-minimal
  libpython3.9-stdlib libsasl2-2 libsasl2-modules libsasl2-modules-db
  libsepol1 libsmartcols1 libsnmp-base libsnmp40 libsqlite3-0 libss2 libssh2-1
  libssl1.1 libsystemd0 libtasn1-6 libtiff5 libtinfo6 libtirpc-common
  libtirpc-dev libtirpc3 libudev1 libuuid1 libuv1 libwebp6 libx11-6
  libx11-data libxml2 libxpm4 linux-compiler-gcc-10-x86 linux-kbuild-5.10
  linux-libc-dev locales-all login logrotate logsave mount nano ncurses-base
  ncurses-bin ncurses-term nftables openssh-client openssh-server
  openssh-sftp-server openssl passwd perl perl-base perl-modules-5.32
  policykit-1 publicsuffix python3-idna python3-pkg-resources
  python3-setuptools python3-urllib3 python3.9 python3.9-minimal rsync rsyslog
  systemd systemd-sysv systemd-timesyncd sysvinit-utils tar tasksel
  tasksel-data tcpdump tzdata ucf udev usb.ids util-linux vim vim-common
  vim-runtime vim-tiny wget xxd xz-utils zlib1g
167 upgraded, 0 newly installed, 0 to remove and 2 not upgraded.
Need to get 122 MB of archives.
After this operation, 2,771 kB of additional disk space will be used.
Get:1 http://mirror.lrz.de/debian bullseye/main amd64 base-files amd64 11.1+deb11u11 [70.2 kB]
Get:2 http://mirror.lrz.de/debian bullseye/main amd64 bash amd64 5.1-2+deb11u1 [1,417 kB]
Get:3 http://security.debian.org bullseye-security/main amd64 login amd64 1:4.8.1-1+deb11u1 [656 kB]
Get:4 http://security.debian.org bullseye-security/main amd64 libperl5.32 amd64 5.32.1-4+deb11u5 [4,102 kB]
Get:5 http://mirror.lrz.de/debian bullseye/main amd64 bsdutils amd64 1:2.36.1-8+deb11u2 [149 kB]
Get:6 http://mirror.lrz.de/debian bullseye/main amd64 tar amd64 1.34+dfsg-1+deb11u1 [847 kB]
Get:7 http://mirror.lrz.de/debian bullseye/main amd64 dpkg amd64 1.20.13 [2,538 kB]
Get:8 http://security.debian.org bullseye-security/main amd64 perl amd64 5.32.1-4+deb11u5 [294 kB]
Get:9 http://security.debian.org bullseye-security/main amd64 perl-base amd64 5.32.1-4+deb11u5 [1,629 kB]
Get:10 http://mirror.lrz.de/debian bullseye/main amd64 grep amd64 3.6-1+deb11u1 [398 kB]
Get:11 http://security.debian.org bullseye-security/main amd64 perl-modules-5.32 all 5.32.1-4+deb11u5 [2,823 kB]
Get:12 http://mirror.lrz.de/debian bullseye/main amd64 gzip amd64 1.10-4+deb11u1 [132 kB]
Get:13 http://mirror.lrz.de/debian bullseye/main amd64 ncurses-bin amd64 6.2+20201114-2+deb11u2 [429 kB]
Get:14 http://mirror.lrz.de/debian bullseye/main amd64 zlib1g amd64 1:1.2.11.dfsg-2+deb11u2 [91.4 kB]
Get:15 http://mirror.lrz.de/debian bullseye/main amd64 liblzma5 amd64 5.2.5-2.1~deb11u1 [168 kB]
Get:16 http://mirror.lrz.de/debian bullseye/main amd64 libwebp6 amd64 0.6.1-2.1+deb11u2 [259 kB]
Get:17 http://mirror.lrz.de/debian bullseye/main amd64 libx11-data all 2:1.7.2-1+deb11u2 [311 kB]
Get:18 http://mirror.lrz.de/debian bullseye/main amd64 libx11-6 amd64 2:1.7.2-1+deb11u2 [772 kB]
Get:19 http://security.debian.org bullseye-security/main amd64 libpng16-16 amd64 1.6.37-3+deb11u4 [295 kB]
Get:20 http://mirror.lrz.de/debian bullseye/main amd64 libxpm4 amd64 1:3.5.12-1.1+deb11u1 [50.0 kB]
Get:21 http://mirror.lrz.de/debian bullseye/main amd64 libblkid1 amd64 2.36.1-8+deb11u2 [194 kB]
Get:22 http://mirror.lrz.de/debian bullseye/main amd64 libuuid1 amd64 2.36.1-8+deb11u2 [83.9 kB]
Get:23 http://mirror.lrz.de/debian bullseye/main amd64 libfdisk1 amd64 2.36.1-8+deb11u2 [238 kB]
Get:24 http://mirror.lrz.de/debian bullseye/main amd64 libmount1 amd64 2.36.1-8+deb11u2 [212 kB]
Get:25 http://mirror.lrz.de/debian bullseye/main amd64 libncurses6 amd64 6.2+20201114-2+deb11u2 [102 kB]
Get:26 http://security.debian.org bullseye-security/main amd64 libfreetype6 amd64 2.10.4+dfsg-1+deb11u2 [418 kB]
Get:27 http://mirror.lrz.de/debian bullseye/main amd64 libncursesw6 amd64 6.2+20201114-2+deb11u2 [132 kB]
Get:28 http://mirror.lrz.de/debian bullseye/main amd64 libtinfo6 amd64 6.2+20201114-2+deb11u2 [342 kB]
Get:29 http://mirror.lrz.de/debian bullseye/main amd64 libsmartcols1 amd64 2.36.1-8+deb11u2 [158 kB]
Get:30 http://mirror.lrz.de/debian bullseye/main amd64 fdisk amd64 2.36.1-8+deb11u2 [192 kB]
Get:31 http://mirror.lrz.de/debian bullseye/main amd64 util-linux amd64 2.36.1-8+deb11u2 [1,142 kB]
Get:32 http://security.debian.org bullseye-security/main amd64 libtiff5 amd64 4.2.0-1+deb11u8 [291 kB]
Get:33 http://security.debian.org bullseye-security/main amd64 libgd3 amd64 2.3.0-2+deb11u1 [138 kB]
Get:34 http://security.debian.org bullseye-security/main amd64 libc-devtools amd64 2.31-13+deb11u14 [247 kB]
Get:35 http://mirror.lrz.de/debian bullseye/main amd64 ncurses-base all 6.2+20201114-2+deb11u2 [272 kB]
Get:36 http://security.debian.org bullseye-security/main amd64 libc6-dev amd64 2.31-13+deb11u14 [2,360 kB]
Get:37 http://mirror.lrz.de/debian bullseye/main amd64 sysvinit-utils amd64 2.96-7+deb11u1 [25.6 kB]
Get:38 http://mirror.lrz.de/debian bullseye/main amd64 adduser all 3.118+deb11u1 [241 kB]
Get:39 http://mirror.lrz.de/debian bullseye/main amd64 libdbus-1-dev amd64 1.12.28-0+deb11u1 [261 kB]
Get:40 http://mirror.lrz.de/debian bullseye/main amd64 dbus amd64 1.12.28-0+deb11u1 [244 kB]
Get:41 http://mirror.lrz.de/debian bullseye/main amd64 libdbus-1-3 amd64 1.12.28-0+deb11u1 [223 kB]
Get:42 http://mirror.lrz.de/debian bullseye/main amd64 libjson-c5 amd64 0.15-2+deb11u1 [42.9 kB]
Get:43 http://mirror.lrz.de/debian bullseye/main amd64 libcryptsetup12 amd64 2:2.3.7-1+deb11u1 [248 kB]
Get:44 http://mirror.lrz.de/debian bullseye/main amd64 mount amd64 2.36.1-8+deb11u2 [186 kB]
Get:45 http://mirror.lrz.de/debian bullseye/main amd64 nftables amd64 0.9.8-3.1+deb11u2 [69.0 kB]
Get:46 http://mirror.lrz.de/debian bullseye/main amd64 libnftables1 amd64 0.9.8-3.1+deb11u2 [262 kB]
Get:47 http://mirror.lrz.de/debian bullseye/main amd64 rsyslog amd64 8.2102.0-2+deb11u1 [703 kB]
Get:48 http://security.debian.org bullseye-security/main amd64 libc-dev-bin amd64 2.31-13+deb11u14 [277 kB]
Get:49 http://mirror.lrz.de/debian bullseye/main amd64 bsdextrautils amd64 2.36.1-8+deb11u2 [146 kB]
Get:50 http://mirror.lrz.de/debian bullseye/main amd64 libtirpc-common all 1.3.1-1+deb11u1 [13.5 kB]
Get:51 http://security.debian.org bullseye-security/main amd64 linux-libc-dev amd64 5.10.257-1 [1,897 kB]
Get:52 http://mirror.lrz.de/debian bullseye/main amd64 libtirpc-dev amd64 1.3.1-1+deb11u1 [191 kB]
Get:53 http://mirror.lrz.de/debian bullseye/main amd64 libtirpc3 amd64 1.3.1-1+deb11u1 [84.1 kB]
Get:54 http://mirror.lrz.de/debian bullseye/main amd64 tasksel-data all 3.68+deb11u1 [18.0 kB]
Get:55 http://mirror.lrz.de/debian bullseye/main amd64 tasksel all 3.68+deb11u1 [101 kB]
Get:56 http://mirror.lrz.de/debian bullseye/main amd64 debian-archive-keyring all 2021.1.1+deb11u1 [110 kB]
Get:57 http://mirror.lrz.de/debian bullseye/main amd64 libpcre2-8-0 amd64 10.36-2+deb11u1 [248 kB]
Get:58 http://mirror.lrz.de/debian bullseye/main amd64 cpio amd64 2.13+dfsg-7.1~deb11u1 [245 kB]
Get:59 http://mirror.lrz.de/debian bullseye/main amd64 isc-dhcp-client amd64 4.4.1-2.3+deb11u2 [343 kB]
Get:60 http://security.debian.org bullseye-security/main amd64 libc6 amd64 2.31-13+deb11u14 [2,820 kB]
Get:61 http://mirror.lrz.de/debian bullseye/main amd64 isc-dhcp-common amd64 4.4.1-2.3+deb11u2 [145 kB]
Get:62 http://mirror.lrz.de/debian bullseye/main amd64 less amd64 551-2+deb11u2 [136 kB]
Get:63 http://mirror.lrz.de/debian bullseye/main amd64 logrotate amd64 3.18.0-2+deb11u2 [72.6 kB]
Get:64 http://mirror.lrz.de/debian bullseye/main amd64 nano amd64 5.4-2+deb11u3 [657 kB]
Get:65 http://mirror.lrz.de/debian bullseye/main amd64 ncurses-term all 6.2+20201114-2+deb11u2 [505 kB]
Get:66 http://mirror.lrz.de/debian bullseye/main amd64 libsasl2-modules-db amd64 2.1.27+dfsg-2.1+deb11u1 [69.1 kB]
Get:67 http://mirror.lrz.de/debian bullseye/main amd64 libsasl2-2 amd64 2.1.27+dfsg-2.1+deb11u1 [106 kB]
Get:68 http://security.debian.org bullseye-security/main amd64 libc-bin amd64 2.31-13+deb11u14 [829 kB]
Get:69 http://mirror.lrz.de/debian bullseye/main amd64 libldap-2.4-2 amd64 2.4.57+dfsg-3+deb11u1 [232 kB]
Get:70 http://mirror.lrz.de/debian bullseye/main amd64 libssh2-1 amd64 1.9.0-2+deb11u1 [156 kB]
Get:71 http://mirror.lrz.de/debian bullseye/main amd64 xz-utils amd64 5.2.5-2.1~deb11u1 [220 kB]
Get:72 http://security.debian.org bullseye-security/main amd64 libpam0g amd64 1.4.0-9+deb11u2 [130 kB]
Get:73 http://security.debian.org bullseye-security/main amd64 libpam-modules-bin amd64 1.4.0-9+deb11u2 [108 kB]
Get:74 http://security.debian.org bullseye-security/main amd64 libpam-modules amd64 1.4.0-9+deb11u2 [327 kB]
Get:75 http://mirror.lrz.de/debian bullseye/main amd64 libksba8 amd64 1.5.0-3+deb11u2 [123 kB]
Get:76 http://security.debian.org bullseye-security/main amd64 libnss-resolve amd64 247.3-7+deb11u8 [155 kB]
Get:77 http://security.debian.org bullseye-security/main amd64 libsystemd0 amd64 247.3-7+deb11u8 [377 kB]
Get:78 http://mirror.lrz.de/debian bullseye/main amd64 dpkg-dev all 1.20.13 [2,314 kB]
Get:79 http://security.debian.org bullseye-security/main amd64 systemd-timesyncd amd64 247.3-7+deb11u8 [131 kB]
Get:80 http://security.debian.org bullseye-security/main amd64 libpam-systemd amd64 247.3-7+deb11u8 [284 kB]
Get:81 http://security.debian.org bullseye-security/main amd64 systemd amd64 247.3-7+deb11u8 [4,502 kB]
Get:82 http://mirror.lrz.de/debian bullseye/main amd64 libdpkg-perl all 1.20.13 [1,552 kB]
Get:83 http://security.debian.org bullseye-security/main amd64 udev amd64 247.3-7+deb11u8 [1,465 kB]
Get:84 http://security.debian.org bullseye-security/main amd64 libudev1 amd64 247.3-7+deb11u8 [169 kB]
Get:85 http://security.debian.org bullseye-security/main amd64 passwd amd64 1:4.8.1-1+deb11u1 [993 kB]
Get:86 http://mirror.lrz.de/debian bullseye/main amd64 libbsd0 amd64 0.11.3-1+deb11u1 [108 kB]
Get:87 http://security.debian.org bullseye-security/main amd64 systemd-sysv amd64 247.3-7+deb11u8 [114 kB]
Get:88 http://security.debian.org bullseye-security/main amd64 libpam-runtime all 1.4.0-9+deb11u2 [208 kB]
Get:89 http://mirror.lrz.de/debian bullseye/main amd64 libldap-common all 2.4.57+dfsg-3+deb11u1 [95.8 kB]
Get:90 http://security.debian.org bullseye-security/main amd64 libexpat1 amd64 2.2.10-2+deb11u7 [99.2 kB]
Get:91 http://mirror.lrz.de/debian bullseye/main amd64 libsasl2-modules amd64 2.1.27+dfsg-2.1+deb11u1 [104 kB]
Get:92 http://security.debian.org bullseye-security/main amd64 libcap2 amd64 1:2.44-1+deb11u1 [24.2 kB]
Get:93 http://mirror.lrz.de/debian bullseye/main amd64 libuv1 amd64 1.40.0-2+deb11u1 [132 kB]
Get:94 http://security.debian.org bullseye-security/main amd64 libssl1.1 amd64 1.1.1w-0+deb11u8 [1,566 kB]
Get:95 http://mirror.lrz.de/debian bullseye/main amd64 publicsuffix all 20220811.1734-0+deb11u1 [127 kB]
Get:96 http://mirror.lrz.de/debian bullseye/main amd64 python3-idna all 2.10-1+deb11u1 [39.0 kB]
Get:97 http://mirror.lrz.de/debian bullseye/main amd64 tcpdump amd64 4.99.0-2+deb11u1 [466 kB]
Get:98 http://security.debian.org bullseye-security/main amd64 libtasn1-6 amd64 4.16.0-2+deb11u2 [55.4 kB]
Get:99 http://security.debian.org bullseye-security/main amd64 libgnutls30 amd64 3.7.1-5+deb11u10 [1,345 kB]
Get:100 http://security.debian.org bullseye-security/main amd64 logsave amd64 1.46.2-2+deb11u1 [75.0 kB]
Get:101 http://security.debian.org bullseye-security/main amd64 libext2fs2 amd64 1.46.2-2+deb11u1 [257 kB]
Get:102 http://mirror.lrz.de/debian bullseye/main amd64 usb.ids all 2024.07.04-0+deb11u1 [208 kB]
Get:103 http://security.debian.org bullseye-security/main amd64 e2fsprogs amd64 1.46.2-2+deb11u1 [614 kB]
Get:104 http://security.debian.org bullseye-security/main amd64 libfastjson4 amd64 0.99.9-1+deb11u1 [28.6 kB]
Get:105 http://security.debian.org bullseye-security/main amd64 python3.9 amd64 3.9.2-1+deb11u7 [468 kB]
Get:106 http://security.debian.org bullseye-security/main amd64 libpython3.9-stdlib amd64 3.9.2-1+deb11u7 [1,685 kB]
Get:107 http://security.debian.org bullseye-security/main amd64 python3.9-minimal amd64 3.9.2-1+deb11u7 [1,944 kB]
Get:108 http://security.debian.org bullseye-security/main amd64 libpython3.9-minimal amd64 3.9.2-1+deb11u7 [807 kB]
Get:109 http://security.debian.org bullseye-security/main amd64 tzdata all 2026b-0+deb11u1 [311 kB]
Get:110 http://security.debian.org bullseye-security/main amd64 libsqlite3-0 amd64 3.34.1-3+deb11u1 [797 kB]
Get:111 http://security.debian.org bullseye-security/main amd64 libk5crypto3 amd64 1.18.3-6+deb11u8 [115 kB]
Get:112 http://security.debian.org bullseye-security/main amd64 libkrb5support0 amd64 1.18.3-6+deb11u8 [66.5 kB]
Get:113 http://security.debian.org bullseye-security/main amd64 libkrb5-3 amd64 1.18.3-6+deb11u8 [364 kB]
Get:114 http://security.debian.org bullseye-security/main amd64 libgssapi-krb5-2 amd64 1.18.3-6+deb11u8 [166 kB]
Get:115 http://security.debian.org bullseye-security/main amd64 libcom-err2 amd64 1.46.2-2+deb11u1 [74.3 kB]
Get:116 http://security.debian.org bullseye-security/main amd64 rsync amd64 3.2.3-4+deb11u4 [403 kB]
Get:117 http://security.debian.org bullseye-security/main amd64 gpgv amd64 2.2.27-2+deb11u3 [626 kB]
Get:118 http://security.debian.org bullseye-security/main amd64 libsepol1 amd64 3.1-1+deb11u1 [269 kB]
Get:119 http://security.debian.org bullseye-security/main amd64 xxd amd64 2:8.2.2434-3+deb11u3 [193 kB]
Get:120 http://security.debian.org bullseye-security/main amd64 vim amd64 2:8.2.2434-3+deb11u3 [1,496 kB]
Get:121 http://security.debian.org bullseye-security/main amd64 vim-tiny amd64 2:8.2.2434-3+deb11u3 [746 kB]
Get:122 http://security.debian.org bullseye-security/main amd64 vim-runtime all 2:8.2.2434-3+deb11u3 [6,229 kB]
Get:123 http://security.debian.org bullseye-security/main amd64 vim-common all 2:8.2.2434-3+deb11u3 [227 kB]
Get:124 http://security.debian.org bullseye-security/main amd64 openssl amd64 1.1.1w-0+deb11u8 [860 kB]
Get:125 http://security.debian.org bullseye-security/main amd64 ca-certificates all 20230311+deb12u1~deb11u1 [169 kB]
Get:126 http://security.debian.org bullseye-security/main amd64 libc-l10n all 2.31-13+deb11u14 [865 kB]
Get:127 http://security.debian.org bullseye-security/main amd64 openssh-sftp-server amd64 1:8.4p1-5+deb11u7 [52.8 kB]
Get:128 http://security.debian.org bullseye-security/main amd64 ucf all 3.0043+deb11u2 [74.3 kB]
Get:129 http://security.debian.org bullseye-security/main amd64 openssh-server amd64 1:8.4p1-5+deb11u7 [387 kB]
Get:130 http://security.debian.org bullseye-security/main amd64 git-man all 1:2.30.2-1+deb11u5 [1,831 kB]
Get:131 http://security.debian.org bullseye-security/main amd64 libnghttp2-14 amd64 1.43.0-1+deb11u3 [77.6 kB]
Get:132 http://security.debian.org bullseye-security/main amd64 libcurl3-gnutls amd64 7.74.0-1.3+deb11u16 [344 kB]
Get:133 http://security.debian.org bullseye-security/main amd64 git amd64 1:2.30.2-1+deb11u5 [5,568 kB]
Get:134 http://security.debian.org bullseye-security/main amd64 openssh-client amd64 1:8.4p1-5+deb11u7 [934 kB]
Get:135 http://security.debian.org bullseye-security/main amd64 wget amd64 1.21-1+deb11u2 [964 kB]
Get:136 http://security.debian.org bullseye-security/main amd64 busybox amd64 1:1.30.1-6+deb11u1 [435 kB]
Get:137 http://security.debian.org bullseye-security/main amd64 curl amd64 7.74.0-1.3+deb11u16 [272 kB]
Get:138 http://security.debian.org bullseye-security/main amd64 libcurl4 amd64 7.74.0-1.3+deb11u16 [347 kB]
Get:139 http://security.debian.org bullseye-security/main amd64 gpgsm amd64 2.2.27-2+deb11u3 [645 kB]
Get:140 http://security.debian.org bullseye-security/main amd64 gpg-wks-client amd64 2.2.27-2+deb11u3 [524 kB]
Get:141 http://security.debian.org bullseye-security/main amd64 gpg-wks-server amd64 2.2.27-2+deb11u3 [516 kB]
Get:142 http://security.debian.org bullseye-security/main amd64 gpg amd64 2.2.27-2+deb11u3 [928 kB]
Get:143 http://security.debian.org bullseye-security/main amd64 gnupg-utils amd64 2.2.27-2+deb11u3 [905 kB]
Get:144 http://security.debian.org bullseye-security/main amd64 gnupg-l10n all 2.2.27-2+deb11u3 [1,084 kB]
Get:145 http://security.debian.org bullseye-security/main amd64 dirmngr amd64 2.2.27-2+deb11u3 [763 kB]
Get:146 http://security.debian.org bullseye-security/main amd64 gnupg all 2.2.27-2+deb11u3 [825 kB]
Get:147 http://security.debian.org bullseye-security/main amd64 gpg-agent amd64 2.2.27-2+deb11u3 [670 kB]
Get:148 http://security.debian.org bullseye-security/main amd64 gpgconf amd64 2.2.27-2+deb11u3 [548 kB]
Get:149 http://security.debian.org bullseye-security/main amd64 libicu67 amd64 67.1-7+deb11u1 [8,624 kB]
Get:150 http://security.debian.org bullseye-security/main amd64 libxml2 amd64 2.9.10+dfsg-6.7+deb11u10 [695 kB]
Get:151 http://security.debian.org bullseye-security/main amd64 libarchive13 amd64 3.4.3-2+deb11u4 [345 kB]
Get:152 http://security.debian.org bullseye-security/main amd64 libbpf0 amd64 1:0.3-2+deb11u1 [98.5 kB]
Get:153 http://security.debian.org bullseye-security/main amd64 libcap2-bin amd64 1:2.44-1+deb11u1 [33.2 kB]
Get:154 http://security.debian.org bullseye-security/main amd64 libglib2.0-0 amd64 2.66.8-1+deb11u8 [1,377 kB]
Get:155 http://security.debian.org bullseye-security/main amd64 libglib2.0-data all 2.66.8-1+deb11u8 [1,177 kB]
Get:156 http://security.debian.org bullseye-security/main amd64 policykit-1 amd64 0.105-31+deb11u2 [96.7 kB]
Get:157 http://security.debian.org bullseye-security/main amd64 libpolkit-agent-1-0 amd64 0.105-31+deb11u2 [28.2 kB]
Get:158 http://security.debian.org bullseye-security/main amd64 libpolkit-gobject-1-0 amd64 0.105-31+deb11u2 [48.7 kB]
Get:159 http://security.debian.org bullseye-security/main amd64 libsnmp-base all 5.9+dfsg-4+deb11u3 [1,736 kB]
Get:160 http://security.debian.org bullseye-security/main amd64 libsnmp40 amd64 5.9+dfsg-4+deb11u3 [2,551 kB]
Get:161 http://security.debian.org bullseye-security/main amd64 libss2 amd64 1.46.2-2+deb11u1 [78.9 kB]
Get:162 http://security.debian.org bullseye-security/main amd64 linux-compiler-gcc-10-x86 amd64 5.10.257-1 [865 kB]
Get:163 http://security.debian.org bullseye-security/main amd64 linux-kbuild-5.10 amd64 5.10.257-1 [1,112 kB]
Get:164 http://security.debian.org bullseye-security/main amd64 locales-all amd64 2.31-13+deb11u14 [10.8 MB]
Get:165 http://security.debian.org bullseye-security/main amd64 python3-setuptools all 52.0.0-4+deb11u2 [367 kB]
Get:166 http://security.debian.org bullseye-security/main amd64 python3-pkg-resources all 52.0.0-4+deb11u2 [190 kB]
Get:167 http://security.debian.org bullseye-security/main amd64 python3-urllib3 all 1.26.5-1~exp1+deb11u4 [115 kB]
Preconfiguring packages ...
Fetched 122 MB in 3s (48.8 MB/s)
(Reading database ... 
(Reading database ... 5%
(Reading database ... 10%
(Reading database ... 15%
(Reading database ... 20%
(Reading database ... 25%
(Reading database ... 30%
(Reading database ... 35%
(Reading database ... 40%
(Reading database ... 45%
(Reading database ... 50%
(Reading database ... 55%
(Reading database ... 60%
(Reading database ... 65%
(Reading database ... 70%
(Reading database ... 75%
(Reading database ... 80%
(Reading database ... 85%
(Reading database ... 90%
(Reading database ... 95%
(Reading database ... 100%
(Reading database ... 63235 files and directories currently installed.)
Preparing to unpack .../base-files_11.1+deb11u11_amd64.deb ...
Unpacking base-files (11.1+deb11u11) over (11.1+deb11u2) ...
Setting up base-files (11.1+deb11u11) ...
Installing new version of config file /etc/debian_version ...
(Reading database ... 
(Reading database ... 5%
(Reading database ... 10%
(Reading database ... 15%
(Reading database ... 20%
(Reading database ... 25%
(Reading database ... 30%
(Reading database ... 35%
(Reading database ... 40%
(Reading database ... 45%
(Reading database ... 50%
(Reading database ... 55%
(Reading database ... 60%
(Reading database ... 65%
(Reading database ... 70%
(Reading database ... 75%
(Reading database ... 80%
(Reading database ... 85%
(Reading database ... 90%
(Reading database ... 95%
(Reading database ... 100%
(Reading database ... 63235 files and directories currently installed.)
Preparing to unpack .../bash_5.1-2+deb11u1_amd64.deb ...
Unpacking bash (5.1-2+deb11u1) over (5.1-2+b3) ...
Setting up bash (5.1-2+deb11u1) ...
update-alternatives: using /usr/share/man/man7/bash-builtins.7.gz to provide /usr/share/man/man7/builtins.7.gz (builtins.7.gz) in auto mode
(Reading database ... 
(Reading database ... 5%
(Reading database ... 10%
(Reading database ... 15%
(Reading database ... 20%
(Reading database ... 25%
(Reading database ... 30%
(Reading database ... 35%
(Reading database ... 40%
(Reading database ... 45%
(Reading database ... 50%
(Reading database ... 55%
(Reading database ... 60%
(Reading database ... 65%
(Reading database ... 70%
(Reading database ... 75%
(Reading database ... 80%
(Reading database ... 85%
(Reading database ... 90%
(Reading database ... 95%
(Reading database ... 100%
(Reading database ... 63234 files and directories currently installed.)
Preparing to unpack .../bsdutils_1%3a2.36.1-8+deb11u2_amd64.deb ...
Unpacking bsdutils (1:2.36.1-8+deb11u2) over (1:2.36.1-8) ...
Setting up bsdutils (1:2.36.1-8+deb11u2) ...
(Reading database ... 
(Reading database ... 5%
(Reading database ... 10%
(Reading database ... 15%
(Reading database ... 20%
(Reading database ... 25%
(Reading database ... 30%
(Reading database ... 35%
(Reading database ... 40%
(Reading database ... 45%
(Reading database ... 50%
(Reading database ... 55%
(Reading database ... 60%
(Reading database ... 65%
(Reading database ... 70%
(Reading database ... 75%
(Reading database ... 80%
(Reading database ... 85%
(Reading database ... 90%
(Reading database ... 95%
(Reading database ... 100%
(Reading database ... 63234 files and directories currently installed.)
Preparing to unpack .../tar_1.34+dfsg-1+deb11u1_amd64.deb ...
Unpacking tar (1.34+dfsg-1+deb11u1) over (1.34+dfsg-1) ...
Setting up tar (1.34+dfsg-1+deb11u1) ...
(Reading database ... 
(Reading database ... 5%
(Reading database ... 10%
(Reading database ... 15%
(Reading database ... 20%
(Reading database ... 25%
(Reading database ... 30%
(Reading database ... 35%
(Reading database ... 40%
(Reading database ... 45%
(Reading database ... 50%
(Reading database ... 55%
(Reading database ... 60%
(Reading database ... 65%
(Reading database ... 70%
(Reading database ... 75%
(Reading database ... 80%
(Reading database ... 85%
(Reading database ... 90%
(Reading database ... 95%
(Reading database ... 100%
(Reading database ... 63234 files and directories currently installed.)
Preparing to unpack .../dpkg_1.20.13_amd64.deb ...
Unpacking dpkg (1.20.13) over (1.20.9) ...
Setting up dpkg (1.20.13) ...
(Reading database ... 
(Reading database ... 5%
(Reading database ... 10%
(Reading database ... 15%
(Reading database ... 20%
(Reading database ... 25%
(Reading database ... 30%
(Reading database ... 35%
(Reading database ... 40%
(Reading database ... 45%
(Reading database ... 50%
(Reading database ... 55%
(Reading database ... 60%
(Reading database ... 65%
(Reading database ... 70%
(Reading database ... 75%
(Reading database ... 80%
(Reading database ... 85%
(Reading database ... 90%
(Reading database ... 95%
(Reading database ... 100%
(Reading database ... 63243 files and directories currently installed.)
Preparing to unpack .../grep_3.6-1+deb11u1_amd64.deb ...
Unpacking grep (3.6-1+deb11u1) over (3.6-1) ...
Setting up grep (3.6-1+deb11u1) ...
(Reading database ... 
(Reading database ... 5%
(Reading database ... 10%
(Reading database ... 15%
(Reading database ... 20%
(Reading database ... 25%
(Reading database ... 30%
(Reading database ... 35%
(Reading database ... 40%
(Reading database ... 45%
(Reading database ... 50%
(Reading database ... 55%
(Reading database ... 60%
(Reading database ... 65%
(Reading database ... 70%
(Reading database ... 75%
(Reading database ... 80%
(Reading database ... 85%
(Reading database ... 90%
(Reading database ... 95%
(Reading database ... 100%
(Reading database ... 63243 files and directories currently installed.)
Preparing to unpack .../gzip_1.10-4+deb11u1_amd64.deb ...
Unpacking gzip (1.10-4+deb11u1) over (1.10-4) ...
Setting up gzip (1.10-4+deb11u1) ...
(Reading database ... 
(Reading database ... 5%
(Reading database ... 10%
(Reading database ... 15%
(Reading database ... 20%
(Reading database ... 25%
(Reading database ... 30%
(Reading database ... 35%
(Reading database ... 40%
(Reading database ... 45%
(Reading database ... 50%
(Reading database ... 55%
(Reading database ... 60%
(Reading database ... 65%
(Reading database ... 70%
(Reading database ... 75%
(Reading database ... 80%
(Reading database ... 85%
(Reading database ... 90%
(Reading database ... 95%
(Reading database ... 100%
(Reading database ... 63243 files and directories currently installed.)
Preparing to unpack .../login_1%3a4.8.1-1+deb11u1_amd64.deb ...
Unpacking login (1:4.8.1-1+deb11u1) over (1:4.8.1-1) ...
Setting up login (1:4.8.1-1+deb11u1) ...
(Reading database ... 
(Reading database ... 5%
(Reading database ... 10%
(Reading database ... 15%
(Reading database ... 20%
(Reading database ... 25%
(Reading database ... 30%
(Reading database ... 35%
(Reading database ... 40%
(Reading database ... 45%
(Reading database ... 50%
(Reading database ... 55%
(Reading database ... 60%
(Reading database ... 65%
(Reading database ... 70%
(Reading database ... 75%
(Reading database ... 80%
(Reading database ... 85%
(Reading database ... 90%
(Reading database ... 95%
(Reading database ... 100%
(Reading database ... 63243 files and directories currently installed.)
Preparing to unpack .../ncurses-bin_6.2+20201114-2+deb11u2_amd64.deb ...
Unpacking ncurses-bin (6.2+20201114-2+deb11u2) over (6.2+20201114-2) ...
Setting up ncurses-bin (6.2+20201114-2+deb11u2) ...
(Reading database ... 
(Reading database ... 5%
(Reading database ... 10%
(Reading database ... 15%
(Reading database ... 20%
(Reading database ... 25%
(Reading database ... 30%
(Reading database ... 35%
(Reading database ... 40%
(Reading database ... 45%
(Reading database ... 50%
(Reading database ... 55%
(Reading database ... 60%
(Reading database ... 65%
(Reading database ... 70%
(Reading database ... 75%
(Reading database ... 80%
(Reading database ... 85%
(Reading database ... 90%
(Reading database ... 95%
(Reading database ... 100%
(Reading database ... 63243 files and directories currently installed.)
Preparing to unpack .../libperl5.32_5.32.1-4+deb11u5_amd64.deb ...
Unpacking libperl5.32:amd64 (5.32.1-4+deb11u5) over (5.32.1-4+deb11u2) ...
Preparing to unpack .../perl_5.32.1-4+deb11u5_amd64.deb ...
Unpacking perl (5.32.1-4+deb11u5) over (5.32.1-4+deb11u2) ...
Preparing to unpack .../perl-base_5.32.1-4+deb11u5_amd64.deb ...
Unpacking perl-base (5.32.1-4+deb11u5) over (5.32.1-4+deb11u2) ...
Setting up perl-base (5.32.1-4+deb11u5) ...
(Reading database ... 
(Reading database ... 5%
(Reading database ... 10%
(Reading database ... 15%
(Reading database ... 20%
(Reading database ... 25%
(Reading database ... 30%
(Reading database ... 35%
(Reading database ... 40%
(Reading database ... 45%
(Reading database ... 50%
(Reading database ... 55%
(Reading database ... 60%
(Reading database ... 65%
(Reading database ... 70%
(Reading database ... 75%
(Reading database ... 80%
(Reading database ... 85%
(Reading database ... 90%
(Reading database ... 95%
(Reading database ... 100%
(Reading database ... 63243 files and directories currently installed.)
Preparing to unpack .../perl-modules-5.32_5.32.1-4+deb11u5_all.deb ...
Unpacking perl-modules-5.32 (5.32.1-4+deb11u5) over (5.32.1-4+deb11u2) ...
Preparing to unpack .../zlib1g_1%3a1.2.11.dfsg-2+deb11u2_amd64.deb ...
Unpacking zlib1g:amd64 (1:1.2.11.dfsg-2+deb11u2) over (1:1.2.11.dfsg-2) ...
Setting up zlib1g:amd64 (1:1.2.11.dfsg-2+deb11u2) ...
(Reading database ... 
(Reading database ... 5%
(Reading database ... 10%
(Reading database ... 15%
(Reading database ... 20%
(Reading database ... 25%
(Reading database ... 30%
(Reading database ... 35%
(Reading database ... 40%
(Reading database ... 45%
(Reading database ... 50%
(Reading database ... 55%
(Reading database ... 60%
(Reading database ... 65%
(Reading database ... 70%
(Reading database ... 75%
(Reading database ... 80%
(Reading database ... 85%
(Reading database ... 90%
(Reading database ... 95%
(Reading database ... 100%
(Reading database ... 63243 files and directories currently installed.)
Preparing to unpack .../libpng16-16_1.6.37-3+deb11u4_amd64.deb ...
Unpacking libpng16-16:amd64 (1.6.37-3+deb11u4) over (1.6.37-3) ...
Preparing to unpack .../libfreetype6_2.10.4+dfsg-1+deb11u2_amd64.deb ...
Unpacking libfreetype6:amd64 (2.10.4+dfsg-1+deb11u2) over (2.10.4+dfsg-1) ...
Preparing to unpack .../liblzma5_5.2.5-2.1~deb11u1_amd64.deb ...
Unpacking liblzma5:amd64 (5.2.5-2.1~deb11u1) over (5.2.5-2) ...
Setting up liblzma5:amd64 (5.2.5-2.1~deb11u1) ...
(Reading database ... 
(Reading database ... 5%
(Reading database ... 10%
(Reading database ... 15%
(Reading database ... 20%
(Reading database ... 25%
(Reading database ... 30%
(Reading database ... 35%
(Reading database ... 40%
(Reading database ... 45%
(Reading database ... 50%
(Reading database ... 55%
(Reading database ... 60%
(Reading database ... 65%
(Reading database ... 70%
(Reading database ... 75%
(Reading database ... 80%
(Reading database ... 85%
(Reading database ... 90%
(Reading database ... 95%
(Reading database ... 100%
(Reading database ... 63243 files and directories currently installed.)
Preparing to unpack .../00-libwebp6_0.6.1-2.1+deb11u2_amd64.deb ...
Unpacking libwebp6:amd64 (0.6.1-2.1+deb11u2) over (0.6.1-2.1) ...
Preparing to unpack .../01-libtiff5_4.2.0-1+deb11u8_amd64.deb ...
Unpacking libtiff5:amd64 (4.2.0-1+deb11u8) over (4.2.0-1) ...
Preparing to unpack .../02-libx11-data_2%3a1.7.2-1+deb11u2_all.deb ...
Unpacking libx11-data (2:1.7.2-1+deb11u2) over (2:1.7.2-1) ...
Preparing to unpack .../03-libx11-6_2%3a1.7.2-1+deb11u2_amd64.deb ...
Unpacking libx11-6:amd64 (2:1.7.2-1+deb11u2) over (2:1.7.2-1) ...
Preparing to unpack .../04-libxpm4_1%3a3.5.12-1.1+deb11u1_amd64.deb ...
Unpacking libxpm4:amd64 (1:3.5.12-1.1+deb11u1) over (1:3.5.12-1) ...
Preparing to unpack .../05-libgd3_2.3.0-2+deb11u1_amd64.deb ...
Unpacking libgd3:amd64 (2.3.0-2+deb11u1) over (2.3.0-2) ...
Preparing to unpack .../06-libc-devtools_2.31-13+deb11u14_amd64.deb ...
Unpacking libc-devtools (2.31-13+deb11u14) over (2.31-13+deb11u2) ...
Preparing to unpack .../07-libc6-dev_2.31-13+deb11u14_amd64.deb ...
Unpacking libc6-dev:amd64 (2.31-13+deb11u14) over (2.31-13+deb11u2) ...
Preparing to unpack .../08-libc-dev-bin_2.31-13+deb11u14_amd64.deb ...
Unpacking libc-dev-bin (2.31-13+deb11u14) over (2.31-13+deb11u2) ...
Preparing to unpack .../09-linux-libc-dev_5.10.257-1_amd64.deb ...
Unpacking linux-libc-dev:amd64 (5.10.257-1) over (5.10.84-1) ...
Preparing to unpack .../10-libc6_2.31-13+deb11u14_amd64.deb ...
Unpacking libc6:amd64 (2.31-13+deb11u14) over (2.31-13+deb11u2) ...
Setting up libc6:amd64 (2.31-13+deb11u14) ...
(Reading database ... 
(Reading database ... 5%
(Reading database ... 10%
(Reading database ... 15%
(Reading database ... 20%
(Reading database ... 25%
(Reading database ... 30%
(Reading database ... 35%
(Reading database ... 40%
(Reading database ... 45%
(Reading database ... 50%
(Reading database ... 55%
(Reading database ... 60%
(Reading database ... 65%
(Reading database ... 70%
(Reading database ... 75%
(Reading database ... 80%
(Reading database ... 85%
(Reading database ... 90%
(Reading database ... 95%
(Reading database ... 100%
(Reading database ... 63241 files and directories currently installed.)
Preparing to unpack .../libblkid1_2.36.1-8+deb11u2_amd64.deb ...
Unpacking libblkid1:amd64 (2.36.1-8+deb11u2) over (2.36.1-8) ...
Setting up libblkid1:amd64 (2.36.1-8+deb11u2) ...
(Reading database ... 
(Reading database ... 5%
(Reading database ... 10%
(Reading database ... 15%
(Reading database ... 20%
(Reading database ... 25%
(Reading database ... 30%
(Reading database ... 35%
(Reading database ... 40%
(Reading database ... 45%
(Reading database ... 50%
(Reading database ... 55%
(Reading database ... 60%
(Reading database ... 65%
(Reading database ... 70%
(Reading database ... 75%
(Reading database ... 80%
(Reading database ... 85%
(Reading database ... 90%
(Reading database ... 95%
(Reading database ... 100%
(Reading database ... 63241 files and directories currently installed.)
Preparing to unpack .../libuuid1_2.36.1-8+deb11u2_amd64.deb ...
Unpacking libuuid1:amd64 (2.36.1-8+deb11u2) over (2.36.1-8) ...
Setting up libuuid1:amd64 (2.36.1-8+deb11u2) ...
(Reading database ... 
(Reading database ... 5%
(Reading database ... 10%
(Reading database ... 15%
(Reading database ... 20%
(Reading database ... 25%
(Reading database ... 30%
(Reading database ... 35%
(Reading database ... 40%
(Reading database ... 45%
(Reading database ... 50%
(Reading database ... 55%
(Reading database ... 60%
(Reading database ... 65%
(Reading database ... 70%
(Reading database ... 75%
(Reading database ... 80%
(Reading database ... 85%
(Reading database ... 90%
(Reading database ... 95%
(Reading database ... 100%
(Reading database ... 63241 files and directories currently installed.)
Preparing to unpack .../libfdisk1_2.36.1-8+deb11u2_amd64.deb ...
Unpacking libfdisk1:amd64 (2.36.1-8+deb11u2) over (2.36.1-8) ...
Preparing to unpack .../libmount1_2.36.1-8+deb11u2_amd64.deb ...
Unpacking libmount1:amd64 (2.36.1-8+deb11u2) over (2.36.1-8) ...
Setting up libmount1:amd64 (2.36.1-8+deb11u2) ...
(Reading database ... 
(Reading database ... 5%
(Reading database ... 10%
(Reading database ... 15%
(Reading database ... 20%
(Reading database ... 25%
(Reading database ... 30%
(Reading database ... 35%
(Reading database ... 40%
(Reading database ... 45%
(Reading database ... 50%
(Reading database ... 55%
(Reading database ... 60%
(Reading database ... 65%
(Reading database ... 70%
(Reading database ... 75%
(Reading database ... 80%
(Reading database ... 85%
(Reading database ... 90%
(Reading database ... 95%
(Reading database ... 100%
(Reading database ... 63241 files and directories currently installed.)
Preparing to unpack .../libncurses6_6.2+20201114-2+deb11u2_amd64.deb ...
Unpacking libncurses6:amd64 (6.2+20201114-2+deb11u2) over (6.2+20201114-2) ...
Preparing to unpack .../libncursesw6_6.2+20201114-2+deb11u2_amd64.deb ...
Unpacking libncursesw6:amd64 (6.2+20201114-2+deb11u2) over (6.2+20201114-2) ...
Preparing to unpack .../libtinfo6_6.2+20201114-2+deb11u2_amd64.deb ...
Unpacking libtinfo6:amd64 (6.2+20201114-2+deb11u2) over (6.2+20201114-2) ...
Setting up libtinfo6:amd64 (6.2+20201114-2+deb11u2) ...
(Reading database ... 
(Reading database ... 5%
(Reading database ... 10%
(Reading database ... 15%
(Reading database ... 20%
(Reading database ... 25%
(Reading database ... 30%
(Reading database ... 35%
(Reading database ... 40%
(Reading database ... 45%
(Reading database ... 50%
(Reading database ... 55%
(Reading database ... 60%
(Reading database ... 65%
(Reading database ... 70%
(Reading database ... 75%
(Reading database ... 80%
(Reading database ... 85%
(Reading database ... 90%
(Reading database ... 95%
(Reading database ... 100%
(Reading database ... 63241 files and directories currently installed.)
Preparing to unpack .../libsmartcols1_2.36.1-8+deb11u2_amd64.deb ...
Unpacking libsmartcols1:amd64 (2.36.1-8+deb11u2) over (2.36.1-8) ...
Setting up libsmartcols1:amd64 (2.36.1-8+deb11u2) ...
(Reading database ... 
(Reading database ... 5%
(Reading database ... 10%
(Reading database ... 15%
(Reading database ... 20%
(Reading database ... 25%
(Reading database ... 30%
(Reading database ... 35%
(Reading database ... 40%
(Reading database ... 45%
(Reading database ... 50%
(Reading database ... 55%
(Reading database ... 60%
(Reading database ... 65%
(Reading database ... 70%
(Reading database ... 75%
(Reading database ... 80%
(Reading database ... 85%
(Reading database ... 90%
(Reading database ... 95%
(Reading database ... 100%
(Reading database ... 63241 files and directories currently installed.)
Preparing to unpack .../fdisk_2.36.1-8+deb11u2_amd64.deb ...
Unpacking fdisk (2.36.1-8+deb11u2) over (2.36.1-8) ...
Preparing to unpack .../util-linux_2.36.1-8+deb11u2_amd64.deb ...
Unpacking util-linux (2.36.1-8+deb11u2) over (2.36.1-8) ...
Setting up util-linux (2.36.1-8+deb11u2) ...
fstrim.service is a disabled or a static unit not running, not starting it.
(Reading database ... 
(Reading database ... 5%
(Reading database ... 10%
(Reading database ... 15%
(Reading database ... 20%
(Reading database ... 25%
(Reading database ... 30%
(Reading database ... 35%
(Reading database ... 40%
(Reading database ... 45%
(Reading database ... 50%
(Reading database ... 55%
(Reading database ... 60%
(Reading database ... 65%
(Reading database ... 70%
(Reading database ... 75%
(Reading database ... 80%
(Reading database ... 85%
(Reading database ... 90%
(Reading database ... 95%
(Reading database ... 100%
(Reading database ... 63241 files and directories currently installed.)
Preparing to unpack .../libc-bin_2.31-13+deb11u14_amd64.deb ...
Unpacking libc-bin (2.31-13+deb11u14) over (2.31-13+deb11u2) ...
Setting up libc-bin (2.31-13+deb11u14) ...
(Reading database ... 
(Reading database ... 5%
(Reading database ... 10%
(Reading database ... 15%
(Reading database ... 20%
(Reading database ... 25%
(Reading database ... 30%
(Reading database ... 35%
(Reading database ... 40%
(Reading database ... 45%
(Reading database ... 50%
(Reading database ... 55%
(Reading database ... 60%
(Reading database ... 65%
(Reading database ... 70%
(Reading database ... 75%
(Reading database ... 80%
(Reading database ... 85%
(Reading database ... 90%
(Reading database ... 95%
(Reading database ... 100%
(Reading database ... 63241 files and directories currently installed.)
Preparing to unpack .../ncurses-base_6.2+20201114-2+deb11u2_all.deb ...
Unpacking ncurses-base (6.2+20201114-2+deb11u2) over (6.2+20201114-2) ...
Setting up ncurses-base (6.2+20201114-2+deb11u2) ...
(Reading database ... 
(Reading database ... 5%
(Reading database ... 10%
(Reading database ... 15%
(Reading database ... 20%
(Reading database ... 25%
(Reading database ... 30%
(Reading database ... 35%
(Reading database ... 40%
(Reading database ... 45%
(Reading database ... 50%
(Reading database ... 55%
(Reading database ... 60%
(Reading database ... 65%
(Reading database ... 70%
(Reading database ... 75%
(Reading database ... 80%
(Reading database ... 85%
(Reading database ... 90%
(Reading database ... 95%
(Reading database ... 100%
(Reading database ... 63241 files and directories currently installed.)
Preparing to unpack .../sysvinit-utils_2.96-7+deb11u1_amd64.deb ...
Unpacking sysvinit-utils (2.96-7+deb11u1) over (2.96-7) ...
Setting up sysvinit-utils (2.96-7+deb11u1) ...
(Reading database ... 
(Reading database ... 5%
(Reading database ... 10%
(Reading database ... 15%
(Reading database ... 20%
(Reading database ... 25%
(Reading database ... 30%
(Reading database ... 35%
(Reading database ... 40%
(Reading database ... 45%
(Reading database ... 50%
(Reading database ... 55%
(Reading database ... 60%
(Reading database ... 65%
(Reading database ... 70%
(Reading database ... 75%
(Reading database ... 80%
(Reading database ... 85%
(Reading database ... 90%
(Reading database ... 95%
(Reading database ... 100%
(Reading database ... 63241 files and directories currently installed.)
Preparing to unpack .../libpam0g_1.4.0-9+deb11u2_amd64.deb ...
Unpacking libpam0g:amd64 (1.4.0-9+deb11u2) over (1.4.0-9+deb11u1) ...
Setting up libpam0g:amd64 (1.4.0-9+deb11u2) ...
(Reading database ... 
(Reading database ... 5%
(Reading database ... 10%
(Reading database ... 15%
(Reading database ... 20%
(Reading database ... 25%
(Reading database ... 30%
(Reading database ... 35%
(Reading database ... 40%
(Reading database ... 45%
(Reading database ... 50%
(Reading database ... 55%
(Reading database ... 60%
(Reading database ... 65%
(Reading database ... 70%
(Reading database ... 75%
(Reading database ... 80%
(Reading database ... 85%
(Reading database ... 90%
(Reading database ... 95%
(Reading database ... 100%
(Reading database ... 63241 files and directories currently installed.)
Preparing to unpack .../libpam-modules-bin_1.4.0-9+deb11u2_amd64.deb ...
Unpacking libpam-modules-bin (1.4.0-9+deb11u2) over (1.4.0-9+deb11u1) ...
Setting up libpam-modules-bin (1.4.0-9+deb11u2) ...
(Reading database ... 
(Reading database ... 5%
(Reading database ... 10%
(Reading database ... 15%
(Reading database ... 20%
(Reading database ... 25%
(Reading database ... 30%
(Reading database ... 35%
(Reading database ... 40%
(Reading database ... 45%
(Reading database ... 50%
(Reading database ... 55%
(Reading database ... 60%
(Reading database ... 65%
(Reading database ... 70%
(Reading database ... 75%
(Reading database ... 80%
(Reading database ... 85%
(Reading database ... 90%
(Reading database ... 95%
(Reading database ... 100%
(Reading database ... 63241 files and directories currently installed.)
Preparing to unpack .../libpam-modules_1.4.0-9+deb11u2_amd64.deb ...
Unpacking libpam-modules:amd64 (1.4.0-9+deb11u2) over (1.4.0-9+deb11u1) ...
Setting up libpam-modules:amd64 (1.4.0-9+deb11u2) ...
Installing new version of config file /etc/security/namespace.init ...
(Reading database ... 
(Reading database ... 5%
(Reading database ... 10%
(Reading database ... 15%
(Reading database ... 20%
(Reading database ... 25%
(Reading database ... 30%
(Reading database ... 35%
(Reading database ... 40%
(Reading database ... 45%
(Reading database ... 50%
(Reading database ... 55%
(Reading database ... 60%
(Reading database ... 65%
(Reading database ... 70%
(Reading database ... 75%
(Reading database ... 80%
(Reading database ... 85%
(Reading database ... 90%
(Reading database ... 95%
(Reading database ... 100%
(Reading database ... 63241 files and directories currently installed.)
Preparing to unpack .../libnss-resolve_247.3-7+deb11u8_amd64.deb ...
Unpacking libnss-resolve:amd64 (247.3-7+deb11u8) over (247.3-6) ...
Preparing to unpack .../libsystemd0_247.3-7+deb11u8_amd64.deb ...
Unpacking libsystemd0:amd64 (247.3-7+deb11u8) over (247.3-6) ...
Setting up libsystemd0:amd64 (247.3-7+deb11u8) ...
(Reading database ... 
(Reading database ... 5%
(Reading database ... 10%
(Reading database ... 15%
(Reading database ... 20%
(Reading database ... 25%
(Reading database ... 30%
(Reading database ... 35%
(Reading database ... 40%
(Reading database ... 45%
(Reading database ... 50%
(Reading database ... 55%
(Reading database ... 60%
(Reading database ... 65%
(Reading database ... 70%
(Reading database ... 75%
(Reading database ... 80%
(Reading database ... 85%
(Reading database ... 90%
(Reading database ... 95%
(Reading database ... 100%
(Reading database ... 63241 files and directories currently installed.)
Preparing to unpack .../systemd-timesyncd_247.3-7+deb11u8_amd64.deb ...
Unpacking systemd-timesyncd (247.3-7+deb11u8) over (247.3-6) ...
Preparing to unpack .../libpam-systemd_247.3-7+deb11u8_amd64.deb ...
Unpacking libpam-systemd:amd64 (247.3-7+deb11u8) over (247.3-6) ...
Preparing to unpack .../systemd_247.3-7+deb11u8_amd64.deb ...
Unpacking systemd (247.3-7+deb11u8) over (247.3-6) ...
Preparing to unpack .../udev_247.3-7+deb11u8_amd64.deb ...
Unpacking udev (247.3-7+deb11u8) over (247.3-6) ...
Preparing to unpack .../libudev1_247.3-7+deb11u8_amd64.deb ...
Unpacking libudev1:amd64 (247.3-7+deb11u8) over (247.3-6) ...
Setting up libudev1:amd64 (247.3-7+deb11u8) ...
(Reading database ... 
(Reading database ... 5%
(Reading database ... 10%
(Reading database ... 15%
(Reading database ... 20%
(Reading database ... 25%
(Reading database ... 30%
(Reading database ... 35%
(Reading database ... 40%
(Reading database ... 45%
(Reading database ... 50%
(Reading database ... 55%
(Reading database ... 60%
(Reading database ... 65%
(Reading database ... 70%
(Reading database ... 75%
(Reading database ... 80%
(Reading database ... 85%
(Reading database ... 90%
(Reading database ... 95%
(Reading database ... 100%
(Reading database ... 63241 files and directories currently installed.)
Preparing to unpack .../passwd_1%3a4.8.1-1+deb11u1_amd64.deb ...
Unpacking passwd (1:4.8.1-1+deb11u1) over (1:4.8.1-1) ...
Setting up passwd (1:4.8.1-1+deb11u1) ...
(Reading database ... 
(Reading database ... 5%
(Reading database ... 10%
(Reading database ... 15%
(Reading database ... 20%
(Reading database ... 25%
(Reading database ... 30%
(Reading database ... 35%
(Reading database ... 40%
(Reading database ... 45%
(Reading database ... 50%
(Reading database ... 55%
(Reading database ... 60%
(Reading database ... 65%
(Reading database ... 70%
(Reading database ... 75%
(Reading database ... 80%
(Reading database ... 85%
(Reading database ... 90%
(Reading database ... 95%
(Reading database ... 100%
(Reading database ... 63241 files and directories currently installed.)
Preparing to unpack .../adduser_3.118+deb11u1_all.deb ...
Unpacking adduser (3.118+deb11u1) over (3.118) ...
Setting up adduser (3.118+deb11u1) ...
Setting up systemd (247.3-7+deb11u8) ...
(Reading database ... 
(Reading database ... 5%
(Reading database ... 10%
(Reading database ... 15%
(Reading database ... 20%
(Reading database ... 25%
(Reading database ... 30%
(Reading database ... 35%
(Reading database ... 40%
(Reading database ... 45%
(Reading database ... 50%
(Reading database ... 55%
(Reading database ... 60%
(Reading database ... 65%
(Reading database ... 70%
(Reading database ... 75%
(Reading database ... 80%
(Reading database ... 85%
(Reading database ... 90%
(Reading database ... 95%
(Reading database ... 100%
(Reading database ... 63241 files and directories currently installed.)
Preparing to unpack .../systemd-sysv_247.3-7+deb11u8_amd64.deb ...
Unpacking systemd-sysv (247.3-7+deb11u8) over (247.3-6) ...
Preparing to unpack .../libpam-runtime_1.4.0-9+deb11u2_all.deb ...
Unpacking libpam-runtime (1.4.0-9+deb11u2) over (1.4.0-9+deb11u1) ...
Setting up libpam-runtime (1.4.0-9+deb11u2) ...
(Reading database ... 
(Reading database ... 5%
(Reading database ... 10%
(Reading database ... 15%
(Reading database ... 20%
(Reading database ... 25%
(Reading database ... 30%
(Reading database ... 35%
(Reading database ... 40%
(Reading database ... 45%
(Reading database ... 50%
(Reading database ... 55%
(Reading database ... 60%
(Reading database ... 65%
(Reading database ... 70%
(Reading database ... 75%
(Reading database ... 80%
(Reading database ... 85%
(Reading database ... 90%
(Reading database ... 95%
(Reading database ... 100%
(Reading database ... 63241 files and directories currently installed.)
Preparing to unpack .../0-libdbus-1-dev_1.12.28-0+deb11u1_amd64.deb ...
Unpacking libdbus-1-dev:amd64 (1.12.28-0+deb11u1) over (1.12.20-2) ...
Preparing to unpack .../1-dbus_1.12.28-0+deb11u1_amd64.deb ...
Unpacking dbus (1.12.28-0+deb11u1) over (1.12.20-2) ...
Preparing to unpack .../2-libdbus-1-3_1.12.28-0+deb11u1_amd64.deb ...
Unpacking libdbus-1-3:amd64 (1.12.28-0+deb11u1) over (1.12.20-2) ...
Preparing to unpack .../3-libexpat1_2.2.10-2+deb11u7_amd64.deb ...
Unpacking libexpat1:amd64 (2.2.10-2+deb11u7) over (2.2.10-2) ...
Preparing to unpack .../4-libcap2_1%3a2.44-1+deb11u1_amd64.deb ...
Unpacking libcap2:amd64 (1:2.44-1+deb11u1) over (1:2.44-1) ...
Preparing to unpack .../5-libjson-c5_0.15-2+deb11u1_amd64.deb ...
Unpacking libjson-c5:amd64 (0.15-2+deb11u1) over (0.15-2) ...
Preparing to unpack .../6-libssl1.1_1.1.1w-0+deb11u8_amd64.deb ...
Unpacking libssl1.1:amd64 (1.1.1w-0+deb11u8) over (1.1.1k-1+deb11u1) ...
Setting up libssl1.1:amd64 (1.1.1w-0+deb11u8) ...
(Reading database ... 
(Reading database ... 5%
(Reading database ... 10%
(Reading database ... 15%
(Reading database ... 20%
(Reading database ... 25%
(Reading database ... 30%
(Reading database ... 35%
(Reading database ... 40%
(Reading database ... 45%
(Reading database ... 50%
(Reading database ... 55%
(Reading database ... 60%
(Reading database ... 65%
(Reading database ... 70%
(Reading database ... 75%
(Reading database ... 80%
(Reading database ... 85%
(Reading database ... 90%
(Reading database ... 95%
(Reading database ... 100%
(Reading database ... 63241 files and directories currently installed.)
Preparing to unpack .../libcryptsetup12_2%3a2.3.7-1+deb11u1_amd64.deb ...
Unpacking libcryptsetup12:amd64 (2:2.3.7-1+deb11u1) over (2:2.3.5-1) ...
Preparing to unpack .../libtasn1-6_4.16.0-2+deb11u2_amd64.deb ...
Unpacking libtasn1-6:amd64 (4.16.0-2+deb11u2) over (4.16.0-2) ...
Setting up libtasn1-6:amd64 (4.16.0-2+deb11u2) ...
(Reading database ... 
(Reading database ... 5%
(Reading database ... 10%
(Reading database ... 15%
(Reading database ... 20%
(Reading database ... 25%
(Reading database ... 30%
(Reading database ... 35%
(Reading database ... 40%
(Reading database ... 45%
(Reading database ... 50%
(Reading database ... 55%
(Reading database ... 60%
(Reading database ... 65%
(Reading database ... 70%
(Reading database ... 75%
(Reading database ... 80%
(Reading database ... 85%
(Reading database ... 90%
(Reading database ... 95%
(Reading database ... 100%
(Reading database ... 63241 files and directories currently installed.)
Preparing to unpack .../libgnutls30_3.7.1-5+deb11u10_amd64.deb ...
Unpacking libgnutls30:amd64 (3.7.1-5+deb11u10) over (3.7.1-5) ...
Setting up libgnutls30:amd64 (3.7.1-5+deb11u10) ...
(Reading database ... 
(Reading database ... 5%
(Reading database ... 10%
(Reading database ... 15%
(Reading database ... 20%
(Reading database ... 25%
(Reading database ... 30%
(Reading database ... 35%
(Reading database ... 40%
(Reading database ... 45%
(Reading database ... 50%
(Reading database ... 55%
(Reading database ... 60%
(Reading database ... 65%
(Reading database ... 70%
(Reading database ... 75%
(Reading database ... 80%
(Reading database ... 85%
(Reading database ... 90%
(Reading database ... 95%
(Reading database ... 100%
(Reading database ... 63241 files and directories currently installed.)
Preparing to unpack .../mount_2.36.1-8+deb11u2_amd64.deb ...
Unpacking mount (2.36.1-8+deb11u2) over (2.36.1-8) ...
Preparing to unpack .../logsave_1.46.2-2+deb11u1_amd64.deb ...
Unpacking logsave (1.46.2-2+deb11u1) over (1.46.2-2) ...
Preparing to unpack .../libext2fs2_1.46.2-2+deb11u1_amd64.deb ...
Unpacking libext2fs2:amd64 (1.46.2-2+deb11u1) over (1.46.2-2) ...
Setting up libext2fs2:amd64 (1.46.2-2+deb11u1) ...
(Reading database ... 
(Reading database ... 5%
(Reading database ... 10%
(Reading database ... 15%
(Reading database ... 20%
(Reading database ... 25%
(Reading database ... 30%
(Reading database ... 35%
(Reading database ... 40%
(Reading database ... 45%
(Reading database ... 50%
(Reading database ... 55%
(Reading database ... 60%
(Reading database ... 65%
(Reading database ... 70%
(Reading database ... 75%
(Reading database ... 80%
(Reading database ... 85%
(Reading database ... 90%
(Reading database ... 95%
(Reading database ... 100%
(Reading database ... 63241 files and directories currently installed.)
Preparing to unpack .../00-e2fsprogs_1.46.2-2+deb11u1_amd64.deb ...
Unpacking e2fsprogs (1.46.2-2+deb11u1) over (1.46.2-2) ...
Preparing to unpack .../01-nftables_0.9.8-3.1+deb11u2_amd64.deb ...
Unpacking nftables (0.9.8-3.1+deb11u2) over (0.9.8-3.1) ...
Preparing to unpack .../02-libnftables1_0.9.8-3.1+deb11u2_amd64.deb ...
Unpacking libnftables1:amd64 (0.9.8-3.1+deb11u2) over (0.9.8-3.1) ...
Preparing to unpack .../03-libfastjson4_0.99.9-1+deb11u1_amd64.deb ...
Unpacking libfastjson4:amd64 (0.99.9-1+deb11u1) over (0.99.9-1) ...
Preparing to unpack .../04-rsyslog_8.2102.0-2+deb11u1_amd64.deb ...
Unpacking rsyslog (8.2102.0-2+deb11u1) over (8.2102.0-2) ...
Preparing to unpack .../05-bsdextrautils_2.36.1-8+deb11u2_amd64.deb ...
Unpacking bsdextrautils (2.36.1-8+deb11u2) over (2.36.1-8) ...
Preparing to unpack .../06-python3.9_3.9.2-1+deb11u7_amd64.deb ...
Unpacking python3.9 (3.9.2-1+deb11u7) over (3.9.2-1) ...
Preparing to unpack .../07-libpython3.9-stdlib_3.9.2-1+deb11u7_amd64.deb ...
Unpacking libpython3.9-stdlib:amd64 (3.9.2-1+deb11u7) over (3.9.2-1) ...
Preparing to unpack .../08-python3.9-minimal_3.9.2-1+deb11u7_amd64.deb ...
Unpacking python3.9-minimal (3.9.2-1+deb11u7) over (3.9.2-1) ...
Preparing to unpack .../09-libpython3.9-minimal_3.9.2-1+deb11u7_amd64.deb ...
Unpacking libpython3.9-minimal:amd64 (3.9.2-1+deb11u7) over (3.9.2-1) ...
Preparing to unpack .../10-tzdata_2026b-0+deb11u1_all.deb ...
Unpacking tzdata (2026b-0+deb11u1) over (2021a-1+deb11u2) ...
Preparing to unpack .../11-libsqlite3-0_3.34.1-3+deb11u1_amd64.deb ...
Unpacking libsqlite3-0:amd64 (3.34.1-3+deb11u1) over (3.34.1-3) ...
Preparing to unpack .../12-libtirpc-common_1.3.1-1+deb11u1_all.deb ...
Unpacking libtirpc-common (1.3.1-1+deb11u1) over (1.3.1-1) ...
Setting up libtirpc-common (1.3.1-1+deb11u1) ...
(Reading database ... 
(Reading database ... 5%
(Reading database ... 10%
(Reading database ... 15%
(Reading database ... 20%
(Reading database ... 25%
(Reading database ... 30%
(Reading database ... 35%
(Reading database ... 40%
(Reading database ... 45%
(Reading database ... 50%
(Reading database ... 55%
(Reading database ... 60%
(Reading database ... 65%
(Reading database ... 70%
(Reading database ... 75%
(Reading database ... 80%
(Reading database ... 85%
(Reading database ... 90%
(Reading database ... 95%
(Reading database ... 100%
(Reading database ... 63254 files and directories currently installed.)
Preparing to unpack .../libtirpc-dev_1.3.1-1+deb11u1_amd64.deb ...
Unpacking libtirpc-dev:amd64 (1.3.1-1+deb11u1) over (1.3.1-1) ...
Preparing to unpack .../libk5crypto3_1.18.3-6+deb11u8_amd64.deb ...
Unpacking libk5crypto3:amd64 (1.18.3-6+deb11u8) over (1.18.3-6+deb11u1) ...
Setting up libk5crypto3:amd64 (1.18.3-6+deb11u8) ...
(Reading database ... 
(Reading database ... 5%
(Reading database ... 10%
(Reading database ... 15%
(Reading database ... 20%
(Reading database ... 25%
(Reading database ... 30%
(Reading database ... 35%
(Reading database ... 40%
(Reading database ... 45%
(Reading database ... 50%
(Reading database ... 55%
(Reading database ... 60%
(Reading database ... 65%
(Reading database ... 70%
(Reading database ... 75%
(Reading database ... 80%
(Reading database ... 85%
(Reading database ... 90%
(Reading database ... 95%
(Reading database ... 100%
(Reading database ... 63254 files and directories currently installed.)
Preparing to unpack .../libkrb5support0_1.18.3-6+deb11u8_amd64.deb ...
Unpacking libkrb5support0:amd64 (1.18.3-6+deb11u8) over (1.18.3-6+deb11u1) ...
Setting up libkrb5support0:amd64 (1.18.3-6+deb11u8) ...
(Reading database ... 
(Reading database ... 5%
(Reading database ... 10%
(Reading database ... 15%
(Reading database ... 20%
(Reading database ... 25%
(Reading database ... 30%
(Reading database ... 35%
(Reading database ... 40%
(Reading database ... 45%
(Reading database ... 50%
(Reading database ... 55%
(Reading database ... 60%
(Reading database ... 65%
(Reading database ... 70%
(Reading database ... 75%
(Reading database ... 80%
(Reading database ... 85%
(Reading database ... 90%
(Reading database ... 95%
(Reading database ... 100%
(Reading database ... 63254 files and directories currently installed.)
Preparing to unpack .../libkrb5-3_1.18.3-6+deb11u8_amd64.deb ...
Unpacking libkrb5-3:amd64 (1.18.3-6+deb11u8) over (1.18.3-6+deb11u1) ...
Setting up libkrb5-3:amd64 (1.18.3-6+deb11u8) ...
(Reading database ... 
(Reading database ... 5%
(Reading database ... 10%
(Reading database ... 15%
(Reading database ... 20%
(Reading database ... 25%
(Reading database ... 30%
(Reading database ... 35%
(Reading database ... 40%
(Reading database ... 45%
(Reading database ... 50%
(Reading database ... 55%
(Reading database ... 60%
(Reading database ... 65%
(Reading database ... 70%
(Reading database ... 75%
(Reading database ... 80%
(Reading database ... 85%
(Reading database ... 90%
(Reading database ... 95%
(Reading database ... 100%
(Reading database ... 63254 files and directories currently installed.)
Preparing to unpack .../libgssapi-krb5-2_1.18.3-6+deb11u8_amd64.deb ...
Unpacking libgssapi-krb5-2:amd64 (1.18.3-6+deb11u8) over (1.18.3-6+deb11u1) ...
Setting up libgssapi-krb5-2:amd64 (1.18.3-6+deb11u8) ...
(Reading database ... 
(Reading database ... 5%
(Reading database ... 10%
(Reading database ... 15%
(Reading database ... 20%
(Reading database ... 25%
(Reading database ... 30%
(Reading database ... 35%
(Reading database ... 40%
(Reading database ... 45%
(Reading database ... 50%
(Reading database ... 55%
(Reading database ... 60%
(Reading database ... 65%
(Reading database ... 70%
(Reading database ... 75%
(Reading database ... 80%
(Reading database ... 85%
(Reading database ... 90%
(Reading database ... 95%
(Reading database ... 100%
(Reading database ... 63254 files and directories currently installed.)
Preparing to unpack .../libcom-err2_1.46.2-2+deb11u1_amd64.deb ...
Unpacking libcom-err2:amd64 (1.46.2-2+deb11u1) over (1.46.2-2) ...
Setting up libcom-err2:amd64 (1.46.2-2+deb11u1) ...
(Reading database ... 
(Reading database ... 5%
(Reading database ... 10%
(Reading database ... 15%
(Reading database ... 20%
(Reading database ... 25%
(Reading database ... 30%
(Reading database ... 35%
(Reading database ... 40%
(Reading database ... 45%
(Reading database ... 50%
(Reading database ... 55%
(Reading database ... 60%
(Reading database ... 65%
(Reading database ... 70%
(Reading database ... 75%
(Reading database ... 80%
(Reading database ... 85%
(Reading database ... 90%
(Reading database ... 95%
(Reading database ... 100%
(Reading database ... 63254 files and directories currently installed.)
Preparing to unpack .../libtirpc3_1.3.1-1+deb11u1_amd64.deb ...
Unpacking libtirpc3:amd64 (1.3.1-1+deb11u1) over (1.3.1-1) ...
Setting up libtirpc3:amd64 (1.3.1-1+deb11u1) ...
(Reading database ... 
(Reading database ... 5%
(Reading database ... 10%
(Reading database ... 15%
(Reading database ... 20%
(Reading database ... 25%
(Reading database ... 30%
(Reading database ... 35%
(Reading database ... 40%
(Reading database ... 45%
(Reading database ... 50%
(Reading database ... 55%
(Reading database ... 60%
(Reading database ... 65%
(Reading database ... 70%
(Reading database ... 75%
(Reading database ... 80%
(Reading database ... 85%
(Reading database ... 90%
(Reading database ... 95%
(Reading database ... 100%
(Reading database ... 63254 files and directories currently installed.)
Preparing to unpack .../rsync_3.2.3-4+deb11u4_amd64.deb ...
Unpacking rsync (3.2.3-4+deb11u4) over (3.2.3-4+deb11u1) ...
Preparing to unpack .../tasksel-data_3.68+deb11u1_all.deb ...
Unpacking tasksel-data (3.68+deb11u1) over (3.68) ...
Preparing to unpack .../tasksel_3.68+deb11u1_all.deb ...
Unpacking tasksel (3.68+deb11u1) over (3.68) ...
Preparing to unpack .../debian-archive-keyring_2021.1.1+deb11u1_all.deb ...
Unpacking debian-archive-keyring (2021.1.1+deb11u1) over (2021.1.1) ...
Setting up debian-archive-keyring (2021.1.1+deb11u1) ...
Removing obsolete conffile /etc/apt/trusted.gpg.d/debian-archive-stretch-automatic.gpg ...
Removing obsolete conffile /etc/apt/trusted.gpg.d/debian-archive-stretch-security-automatic.gpg ...
Removing obsolete conffile /etc/apt/trusted.gpg.d/debian-archive-stretch-stable.gpg ...
(Reading database ... 
(Reading database ... 5%
(Reading database ... 10%
(Reading database ... 15%
(Reading database ... 20%
(Reading database ... 25%
(Reading database ... 30%
(Reading database ... 35%
(Reading database ... 40%
(Reading database ... 45%
(Reading database ... 50%
(Reading database ... 55%
(Reading database ... 60%
(Reading database ... 65%
(Reading database ... 70%
(Reading database ... 75%
(Reading database ... 80%
(Reading database ... 85%
(Reading database ... 90%
(Reading database ... 95%
(Reading database ... 100%
(Reading database ... 63254 files and directories currently installed.)
Preparing to unpack .../gpgv_2.2.27-2+deb11u3_amd64.deb ...
Unpacking gpgv (2.2.27-2+deb11u3) over (2.2.27-2) ...
Setting up gpgv (2.2.27-2+deb11u3) ...
(Reading database ... 
(Reading database ... 5%
(Reading database ... 10%
(Reading database ... 15%
(Reading database ... 20%
(Reading database ... 25%
(Reading database ... 30%
(Reading database ... 35%
(Reading database ... 40%
(Reading database ... 45%
(Reading database ... 50%
(Reading database ... 55%
(Reading database ... 60%
(Reading database ... 65%
(Reading database ... 70%
(Reading database ... 75%
(Reading database ... 80%
(Reading database ... 85%
(Reading database ... 90%
(Reading database ... 95%
(Reading database ... 100%
(Reading database ... 63254 files and directories currently installed.)
Preparing to unpack .../libpcre2-8-0_10.36-2+deb11u1_amd64.deb ...
Unpacking libpcre2-8-0:amd64 (10.36-2+deb11u1) over (10.36-2) ...
Setting up libpcre2-8-0:amd64 (10.36-2+deb11u1) ...
(Reading database ... 
(Reading database ... 5%
(Reading database ... 10%
(Reading database ... 15%
(Reading database ... 20%
(Reading database ... 25%
(Reading database ... 30%
(Reading database ... 35%
(Reading database ... 40%
(Reading database ... 45%
(Reading database ... 50%
(Reading database ... 55%
(Reading database ... 60%
(Reading database ... 65%
(Reading database ... 70%
(Reading database ... 75%
(Reading database ... 80%
(Reading database ... 85%
(Reading database ... 90%
(Reading database ... 95%
(Reading database ... 100%
(Reading database ... 63254 files and directories currently installed.)
Preparing to unpack .../libsepol1_3.1-1+deb11u1_amd64.deb ...
Unpacking libsepol1:amd64 (3.1-1+deb11u1) over (3.1-1) ...
Setting up libsepol1:amd64 (3.1-1+deb11u1) ...
(Reading database ... 
(Reading database ... 5%
(Reading database ... 10%
(Reading database ... 15%
(Reading database ... 20%
(Reading database ... 25%
(Reading database ... 30%
(Reading database ... 35%
(Reading database ... 40%
(Reading database ... 45%
(Reading database ... 50%
(Reading database ... 55%
(Reading database ... 60%
(Reading database ... 65%
(Reading database ... 70%
(Reading database ... 75%
(Reading database ... 80%
(Reading database ... 85%
(Reading database ... 90%
(Reading database ... 95%
(Reading database ... 100%
(Reading database ... 63254 files and directories currently installed.)
Preparing to unpack .../00-cpio_2.13+dfsg-7.1~deb11u1_amd64.deb ...
Unpacking cpio (2.13+dfsg-7.1~deb11u1) over (2.13+dfsg-4) ...
Preparing to unpack .../01-isc-dhcp-client_4.4.1-2.3+deb11u2_amd64.deb ...
Unpacking isc-dhcp-client (4.4.1-2.3+deb11u2) over (4.4.1-2.3) ...
Preparing to unpack .../02-isc-dhcp-common_4.4.1-2.3+deb11u2_amd64.deb ...
Unpacking isc-dhcp-common (4.4.1-2.3+deb11u2) over (4.4.1-2.3) ...
Preparing to unpack .../03-less_551-2+deb11u2_amd64.deb ...
Unpacking less (551-2+deb11u2) over (551-2) ...
Preparing to unpack .../04-logrotate_3.18.0-2+deb11u2_amd64.deb ...
Unpacking logrotate (3.18.0-2+deb11u2) over (3.18.0-2) ...
Preparing to unpack .../05-nano_5.4-2+deb11u3_amd64.deb ...
Unpacking nano (5.4-2+deb11u3) over (5.4-2) ...
Preparing to unpack .../06-xxd_2%3a8.2.2434-3+deb11u3_amd64.deb ...
Unpacking xxd (2:8.2.2434-3+deb11u3) over (2:8.2.2434-3+deb11u1) ...
Preparing to unpack .../07-vim_2%3a8.2.2434-3+deb11u3_amd64.deb ...
Unpacking vim (2:8.2.2434-3+deb11u3) over (2:8.2.2434-3+deb11u1) ...
Preparing to unpack .../08-vim-tiny_2%3a8.2.2434-3+deb11u3_amd64.deb ...
Unpacking vim-tiny (2:8.2.2434-3+deb11u3) over (2:8.2.2434-3+deb11u1) ...
Preparing to unpack .../09-vim-runtime_2%3a8.2.2434-3+deb11u3_all.deb ...
Unpacking vim-runtime (2:8.2.2434-3+deb11u3) over (2:8.2.2434-3+deb11u1) ...
Preparing to unpack .../10-vim-common_2%3a8.2.2434-3+deb11u3_all.deb ...
Unpacking vim-common (2:8.2.2434-3+deb11u3) over (2:8.2.2434-3+deb11u1) ...
Preparing to unpack .../11-openssl_1.1.1w-0+deb11u8_amd64.deb ...
Unpacking openssl (1.1.1w-0+deb11u8) over (1.1.1k-1+deb11u1) ...
Preparing to unpack .../12-ca-certificates_20230311+deb12u1~deb11u1_all.deb ...
Unpacking ca-certificates (20230311+deb12u1~deb11u1) over (20210119) ...
Preparing to unpack .../13-libc-l10n_2.31-13+deb11u14_all.deb ...
Unpacking libc-l10n (2.31-13+deb11u14) over (2.31-13+deb11u2) ...
Preparing to unpack .../14-ncurses-term_6.2+20201114-2+deb11u2_all.deb ...
Unpacking ncurses-term (6.2+20201114-2+deb11u2) over (6.2+20201114-2) ...
Preparing to unpack .../15-openssh-sftp-server_1%3a8.4p1-5+deb11u7_amd64.deb ...
Unpacking openssh-sftp-server (1:8.4p1-5+deb11u7) over (1:8.4p1-5) ...
Preparing to unpack .../16-ucf_3.0043+deb11u2_all.deb ...
Unpacking ucf (3.0043+deb11u2) over (3.0043) ...
Preparing to unpack .../17-openssh-server_1%3a8.4p1-5+deb11u7_amd64.deb ...
Unpacking openssh-server (1:8.4p1-5+deb11u7) over (1:8.4p1-5) ...
Preparing to unpack .../18-git-man_1%3a2.30.2-1+deb11u5_all.deb ...
Unpacking git-man (1:2.30.2-1+deb11u5) over (1:2.30.2-1) ...
Preparing to unpack .../19-libsasl2-modules-db_2.1.27+dfsg-2.1+deb11u1_amd64.deb ...
Unpacking libsasl2-modules-db:amd64 (2.1.27+dfsg-2.1+deb11u1) over (2.1.27+dfsg-2.1) ...
Preparing to unpack .../20-libsasl2-2_2.1.27+dfsg-2.1+deb11u1_amd64.deb ...
Unpacking libsasl2-2:amd64 (2.1.27+dfsg-2.1+deb11u1) over (2.1.27+dfsg-2.1) ...
Preparing to unpack .../21-libldap-2.4-2_2.4.57+dfsg-3+deb11u1_amd64.deb ...
Unpacking libldap-2.4-2:amd64 (2.4.57+dfsg-3+deb11u1) over (2.4.57+dfsg-3) ...
Preparing to unpack .../22-libnghttp2-14_1.43.0-1+deb11u3_amd64.deb ...
Unpacking libnghttp2-14:amd64 (1.43.0-1+deb11u3) over (1.43.0-1) ...
Preparing to unpack .../23-libssh2-1_1.9.0-2+deb11u1_amd64.deb ...
Unpacking libssh2-1:amd64 (1.9.0-2+deb11u1) over (1.9.0-2) ...
Preparing to unpack .../24-libcurl3-gnutls_7.74.0-1.3+deb11u16_amd64.deb ...
Unpacking libcurl3-gnutls:amd64 (7.74.0-1.3+deb11u16) over (7.74.0-1.3+deb11u1) ...
Preparing to unpack .../25-git_1%3a2.30.2-1+deb11u5_amd64.deb ...
Unpacking git (1:2.30.2-1+deb11u5) over (1:2.30.2-1) ...
Preparing to unpack .../26-openssh-client_1%3a8.4p1-5+deb11u7_amd64.deb ...
Unpacking openssh-client (1:8.4p1-5+deb11u7) over (1:8.4p1-5) ...
Preparing to unpack .../27-wget_1.21-1+deb11u2_amd64.deb ...
Unpacking wget (1.21-1+deb11u2) over (1.21-1+deb11u1) ...
Preparing to unpack .../28-xz-utils_5.2.5-2.1~deb11u1_amd64.deb ...
Unpacking xz-utils (5.2.5-2.1~deb11u1) over (5.2.5-2) ...
Preparing to unpack .../29-busybox_1%3a1.30.1-6+deb11u1_amd64.deb ...
Unpacking busybox (1:1.30.1-6+deb11u1) over (1:1.30.1-6+b3) ...
Preparing to unpack .../30-curl_7.74.0-1.3+deb11u16_amd64.deb ...
Unpacking curl (7.74.0-1.3+deb11u16) over (7.74.0-1.3+deb11u1) ...
Preparing to unpack .../31-libcurl4_7.74.0-1.3+deb11u16_amd64.deb ...
Unpacking libcurl4:amd64 (7.74.0-1.3+deb11u16) over (7.74.0-1.3+deb11u1) ...
Preparing to unpack .../32-libksba8_1.5.0-3+deb11u2_amd64.deb ...
Unpacking libksba8:amd64 (1.5.0-3+deb11u2) over (1.5.0-3) ...
Preparing to unpack .../33-gpgsm_2.2.27-2+deb11u3_amd64.deb ...
Unpacking gpgsm (2.2.27-2+deb11u3) over (2.2.27-2) ...
Preparing to unpack .../34-gpg-wks-client_2.2.27-2+deb11u3_amd64.deb ...
Unpacking gpg-wks-client (2.2.27-2+deb11u3) over (2.2.27-2) ...
Preparing to unpack .../35-gpg-wks-server_2.2.27-2+deb11u3_amd64.deb ...
Unpacking gpg-wks-server (2.2.27-2+deb11u3) over (2.2.27-2) ...
Preparing to unpack .../36-gpg_2.2.27-2+deb11u3_amd64.deb ...
Unpacking gpg (2.2.27-2+deb11u3) over (2.2.27-2) ...
Preparing to unpack .../37-gnupg-utils_2.2.27-2+deb11u3_amd64.deb ...
Unpacking gnupg-utils (2.2.27-2+deb11u3) over (2.2.27-2) ...
Preparing to unpack .../38-gnupg-l10n_2.2.27-2+deb11u3_all.deb ...
Unpacking gnupg-l10n (2.2.27-2+deb11u3) over (2.2.27-2) ...
Preparing to unpack .../39-dirmngr_2.2.27-2+deb11u3_amd64.deb ...
Unpacking dirmngr (2.2.27-2+deb11u3) over (2.2.27-2) ...
Preparing to unpack .../40-gnupg_2.2.27-2+deb11u3_all.deb ...
Unpacking gnupg (2.2.27-2+deb11u3) over (2.2.27-2) ...
Preparing to unpack .../41-gpg-agent_2.2.27-2+deb11u3_amd64.deb ...
Unpacking gpg-agent (2.2.27-2+deb11u3) over (2.2.27-2) ...
Preparing to unpack .../42-gpgconf_2.2.27-2+deb11u3_amd64.deb ...
Unpacking gpgconf (2.2.27-2+deb11u3) over (2.2.27-2) ...
Preparing to unpack .../43-dpkg-dev_1.20.13_all.deb ...
Unpacking dpkg-dev (1.20.13) over (1.20.9) ...
Preparing to unpack .../44-libdpkg-perl_1.20.13_all.deb ...
Unpacking libdpkg-perl (1.20.13) over (1.20.9) ...
Preparing to unpack .../45-libicu67_67.1-7+deb11u1_amd64.deb ...
Unpacking libicu67:amd64 (67.1-7+deb11u1) over (67.1-7) ...
Preparing to unpack .../46-libxml2_2.9.10+dfsg-6.7+deb11u10_amd64.deb ...
Unpacking libxml2:amd64 (2.9.10+dfsg-6.7+deb11u10) over (2.9.10+dfsg-6.7) ...
Preparing to unpack .../47-libarchive13_3.4.3-2+deb11u4_amd64.deb ...
Unpacking libarchive13:amd64 (3.4.3-2+deb11u4) over (3.4.3-2+b1) ...
Preparing to unpack .../48-libbpf0_1%3a0.3-2+deb11u1_amd64.deb ...
Unpacking libbpf0:amd64 (1:0.3-2+deb11u1) over (1:0.3-2) ...
Preparing to unpack .../49-libbsd0_0.11.3-1+deb11u1_amd64.deb ...
Unpacking libbsd0:amd64 (0.11.3-1+deb11u1) over (0.11.3-1) ...
Preparing to unpack .../50-libcap2-bin_1%3a2.44-1+deb11u1_amd64.deb ...
Unpacking libcap2-bin (1:2.44-1+deb11u1) over (1:2.44-1) ...
Preparing to unpack .../51-libglib2.0-0_2.66.8-1+deb11u8_amd64.deb ...
Unpacking libglib2.0-0:amd64 (2.66.8-1+deb11u8) over (2.66.8-1) ...
Preparing to unpack .../52-libglib2.0-data_2.66.8-1+deb11u8_all.deb ...
Unpacking libglib2.0-data (2.66.8-1+deb11u8) over (2.66.8-1) ...
Preparing to unpack .../53-libldap-common_2.4.57+dfsg-3+deb11u1_all.deb ...
Unpacking libldap-common (2.4.57+dfsg-3+deb11u1) over (2.4.57+dfsg-3) ...
Preparing to unpack .../54-policykit-1_0.105-31+deb11u2_amd64.deb ...
Unpacking policykit-1 (0.105-31+deb11u2) over (0.105-31) ...
Preparing to unpack .../55-libpolkit-agent-1-0_0.105-31+deb11u2_amd64.deb ...
Unpacking libpolkit-agent-1-0:amd64 (0.105-31+deb11u2) over (0.105-31) ...
Preparing to unpack .../56-libpolkit-gobject-1-0_0.105-31+deb11u2_amd64.deb ...
Unpacking libpolkit-gobject-1-0:amd64 (0.105-31+deb11u2) over (0.105-31) ...
Preparing to unpack .../57-libsasl2-modules_2.1.27+dfsg-2.1+deb11u1_amd64.deb ...
Unpacking libsasl2-modules:amd64 (2.1.27+dfsg-2.1+deb11u1) over (2.1.27+dfsg-2.1) ...
Preparing to unpack .../58-libsnmp-base_5.9+dfsg-4+deb11u3_all.deb ...
Unpacking libsnmp-base (5.9+dfsg-4+deb11u3) over (5.9+dfsg-3) ...
Preparing to unpack .../59-libsnmp40_5.9+dfsg-4+deb11u3_amd64.deb ...
Unpacking libsnmp40:amd64 (5.9+dfsg-4+deb11u3) over (5.9+dfsg-3+b1) ...
Preparing to unpack .../60-libss2_1.46.2-2+deb11u1_amd64.deb ...
Unpacking libss2:amd64 (1.46.2-2+deb11u1) over (1.46.2-2) ...
Preparing to unpack .../61-libuv1_1.40.0-2+deb11u1_amd64.deb ...
Unpacking libuv1:amd64 (1.40.0-2+deb11u1) over (1.40.0-2) ...
Preparing to unpack .../62-linux-compiler-gcc-10-x86_5.10.257-1_amd64.deb ...
Unpacking linux-compiler-gcc-10-x86 (5.10.257-1) over (5.10.84-1) ...
Preparing to unpack .../63-linux-kbuild-5.10_5.10.257-1_amd64.deb ...
Unpacking linux-kbuild-5.10 (5.10.257-1) over (5.10.84-1) ...
Preparing to unpack .../64-locales-all_2.31-13+deb11u14_amd64.deb ...
Unpacking locales-all (2.31-13+deb11u14) over (2.31-13+deb11u2) ...
Preparing to unpack .../65-publicsuffix_20220811.1734-0+deb11u1_all.deb ...
Unpacking publicsuffix (20220811.1734-0+deb11u1) over (20211207.1025-0+deb11u1) ...
Preparing to unpack .../66-python3-idna_2.10-1+deb11u1_all.deb ...
Unpacking python3-idna (2.10-1+deb11u1) over (2.10-1) ...
Preparing to unpack .../67-python3-setuptools_52.0.0-4+deb11u2_all.deb ...
Unpacking python3-setuptools (52.0.0-4+deb11u2) over (52.0.0-4) ...
Preparing to unpack .../68-python3-pkg-resources_52.0.0-4+deb11u2_all.deb ...
Unpacking python3-pkg-resources (52.0.0-4+deb11u2) over (52.0.0-4) ...
Preparing to unpack .../69-python3-urllib3_1.26.5-1~exp1+deb11u4_all.deb ...
Unpacking python3-urllib3 (1.26.5-1~exp1+deb11u4) over (1.26.5-1~exp1) ...
Preparing to unpack .../70-tcpdump_4.99.0-2+deb11u1_amd64.deb ...
Unpacking tcpdump (4.99.0-2+deb11u1) over (4.99.0-2) ...
Preparing to unpack .../71-usb.ids_2024.07.04-0+deb11u1_all.deb ...
Unpacking usb.ids (2024.07.04-0+deb11u1) over (2021.06.06-1) ...
Setting up python3-pkg-resources (52.0.0-4+deb11u2) ...
Setting up libksba8:amd64 (1.5.0-3+deb11u2) ...
Setting up logrotate (3.18.0-2+deb11u2) ...
logrotate.service is a disabled or a static unit not running, not starting it.
Setting up libexpat1:amd64 (2.2.10-2+deb11u7) ...
Setting up cpio (2.13+dfsg-7.1~deb11u1) ...
Setting up linux-compiler-gcc-10-x86 (5.10.257-1) ...
Setting up tcpdump (4.99.0-2+deb11u1) ...
Installing new version of config file /etc/apparmor.d/usr.bin.tcpdump ...
Setting up systemd-sysv (247.3-7+deb11u8) ...
Setting up libc-l10n (2.31-13+deb11u14) ...
Setting up libnftables1:amd64 (0.9.8-3.1+deb11u2) ...
Setting up nftables (0.9.8-3.1+deb11u2) ...
Setting up bsdextrautils (2.36.1-8+deb11u2) ...
Setting up python3-setuptools (52.0.0-4+deb11u2) ...
Setting up wget (1.21-1+deb11u2) ...
Setting up libicu67:amd64 (67.1-7+deb11u1) ...
Setting up libglib2.0-0:amd64 (2.66.8-1+deb11u8) ...
No schema files found: doing nothing.
Setting up libpython3.9-minimal:amd64 (3.9.2-1+deb11u7) ...
Setting up openssh-client (1:8.4p1-5+deb11u7) ...
Setting up libsnmp-base (5.9+dfsg-4+deb11u3) ...
Setting up libfastjson4:amd64 (0.99.9-1+deb11u1) ...
Setting up perl-modules-5.32 (5.32.1-4+deb11u5) ...
Setting up libsqlite3-0:amd64 (3.34.1-3+deb11u1) ...
Setting up libsasl2-modules:amd64 (2.1.27+dfsg-2.1+deb11u1) ...
Setting up rsyslog (8.2102.0-2+deb11u1) ...
Setting up libnghttp2-14:amd64 (1.43.0-1+deb11u3) ...
Setting up less (551-2+deb11u2) ...
Setting up linux-libc-dev:amd64 (5.10.257-1) ...
Setting up isc-dhcp-client (4.4.1-2.3+deb11u2) ...
Setting up libldap-common (2.4.57+dfsg-3+deb11u1) ...
Setting up locales-all (2.31-13+deb11u14) ...
Setting up xxd (2:8.2.2434-3+deb11u3) ...
Setting up libcap2:amd64 (1:2.44-1+deb11u1) ...
Setting up libsasl2-modules-db:amd64 (2.1.27+dfsg-2.1+deb11u1) ...
Setting up tzdata (2026b-0+deb11u1) ...

User defined time zone, leaving /etc/localtime unchanged.
Local time is now:      Tue Jun 30 14:12:39 CEST 2026.
Universal Time is now:  Tue Jun 30 12:12:39 UTC 2026.
Run 'dpkg-reconfigure tzdata' if you wish to change it.

Setting up libcap2-bin (1:2.44-1+deb11u1) ...
Setting up busybox (1:1.30.1-6+deb11u1) ...
Setting up libglib2.0-data (2.66.8-1+deb11u8) ...
Setting up libtirpc-dev:amd64 (1.3.1-1+deb11u1) ...
Setting up libuv1:amd64 (1.40.0-2+deb11u1) ...
Setting up vim-common (2:8.2.2434-3+deb11u3) ...
Setting up libx11-data (2:1.7.2-1+deb11u2) ...
Setting up gnupg-l10n (2.2.27-2+deb11u3) ...
Setting up libncurses6:amd64 (6.2+20201114-2+deb11u2) ...
Setting up libdbus-1-3:amd64 (1.12.28-0+deb11u1) ...
Setting up dbus (1.12.28-0+deb11u1) ...
A reboot is required to replace the running dbus-daemon.
Please reboot the system when convenient.
dbus.service is a disabled or a static unit, not starting it.
dbus.socket is a disabled or a static unit, not starting it.
Setting up xz-utils (5.2.5-2.1~deb11u1) ...
Setting up libpng16-16:amd64 (1.6.37-3+deb11u4) ...
Setting up systemd-timesyncd (247.3-7+deb11u8) ...
Setting up udev (247.3-7+deb11u8) ...
Setting up python3-idna (2.10-1+deb11u1) ...
Setting up libss2:amd64 (1.46.2-2+deb11u1) ...
Setting up usb.ids (2024.07.04-0+deb11u1) ...
Setting up libwebp6:amd64 (0.6.1-2.1+deb11u2) ...
Setting up ucf (3.0043+deb11u2) ...
Setting up libncursesw6:amd64 (6.2+20201114-2+deb11u2) ...
Setting up libperl5.32:amd64 (5.32.1-4+deb11u5) ...
Setting up logsave (1.46.2-2+deb11u1) ...
Setting up libsasl2-2:amd64 (2.1.27+dfsg-2.1+deb11u1) ...
Setting up python3-urllib3 (1.26.5-1~exp1+deb11u4) ...
Setting up libfdisk1:amd64 (2.36.1-8+deb11u2) ...
Setting up nano (5.4-2+deb11u3) ...
Setting up mount (2.36.1-8+deb11u2) ...
Setting up linux-kbuild-5.10 (5.10.257-1) ...
Setting up gpgconf (2.2.27-2+deb11u3) ...
Setting up libpam-systemd:amd64 (247.3-7+deb11u8) ...
Setting up git-man (1:2.30.2-1+deb11u5) ...
Setting up libx11-6:amd64 (2:1.7.2-1+deb11u2) ...
Setting up libssh2-1:amd64 (1.9.0-2+deb11u1) ...
Setting up isc-dhcp-common (4.4.1-2.3+deb11u2) ...
Setting up libtiff5:amd64 (4.2.0-1+deb11u8) ...
Setting up python3.9-minimal (3.9.2-1+deb11u7) ...
Setting up vim-runtime (2:8.2.2434-3+deb11u3) ...
Setting up libbpf0:amd64 (1:0.3-2+deb11u1) ...
Setting up libc-dev-bin (2.31-13+deb11u14) ...
Setting up openssl (1.1.1w-0+deb11u8) ...
Setting up libbsd0:amd64 (0.11.3-1+deb11u1) ...
Setting up libnss-resolve:amd64 (247.3-7+deb11u8) ...
Setting up libjson-c5:amd64 (0.15-2+deb11u1) ...
Setting up publicsuffix (20220811.1734-0+deb11u1) ...
Setting up libxml2:amd64 (2.9.10+dfsg-6.7+deb11u10) ...
Setting up gpg (2.2.27-2+deb11u3) ...
Setting up libpolkit-gobject-1-0:amd64 (0.105-31+deb11u2) ...
Setting up rsync (3.2.3-4+deb11u4) ...
Setting up libpython3.9-stdlib:amd64 (3.9.2-1+deb11u7) ...
Setting up gnupg-utils (2.2.27-2+deb11u3) ...
Setting up ncurses-term (6.2+20201114-2+deb11u2) ...
Setting up openssh-sftp-server (1:8.4p1-5+deb11u7) ...
Setting up vim (2:8.2.2434-3+deb11u3) ...
Setting up gpg-agent (2.2.27-2+deb11u3) ...
Setting up libxpm4:amd64 (1:3.5.12-1.1+deb11u1) ...
Setting up openssh-server (1:8.4p1-5+deb11u7) ...
rescue-ssh.target is a disabled or a static unit, not starting it.
Setting up libarchive13:amd64 (3.4.3-2+deb11u4) ...
Setting up gpgsm (2.2.27-2+deb11u3) ...
Setting up libldap-2.4-2:amd64 (2.4.57+dfsg-3+deb11u1) ...
Setting up e2fsprogs (1.46.2-2+deb11u1) ...
update-initramfs: deferring update (trigger activated)
e2scrub_all.service is a disabled or a static unit not running, not starting it.
Setting up libcurl3-gnutls:amd64 (7.74.0-1.3+deb11u16) ...
Setting up vim-tiny (2:8.2.2434-3+deb11u3) ...
Setting up fdisk (2.36.1-8+deb11u2) ...
Setting up dirmngr (2.2.27-2+deb11u3) ...
Setting up ca-certificates (20230311+deb12u1~deb11u1) ...
Updating certificates in /etc/ssl/certs...
rehash: warning: skipping ca-certificates.crt,it does not contain exactly one certificate or CRL
28 added, 15 removed; done.
Setting up perl (5.32.1-4+deb11u5) ...
Setting up libsnmp40:amd64 (5.9+dfsg-4+deb11u3) ...
Setting up libfreetype6:amd64 (2.10.4+dfsg-1+deb11u2) ...
Setting up libdbus-1-dev:amd64 (1.12.28-0+deb11u1) ...
Setting up libgd3:amd64 (2.3.0-2+deb11u1) ...
Setting up git (1:2.30.2-1+deb11u5) ...
Setting up libdpkg-perl (1.20.13) ...
Setting up gpg-wks-server (2.2.27-2+deb11u3) ...
Setting up libcurl4:amd64 (7.74.0-1.3+deb11u16) ...
Setting up libpolkit-agent-1-0:amd64 (0.105-31+deb11u2) ...
Setting up libc6-dev:amd64 (2.31-13+deb11u14) ...
Setting up libcryptsetup12:amd64 (2:2.3.7-1+deb11u1) ...
Setting up curl (7.74.0-1.3+deb11u16) ...
Setting up policykit-1 (0.105-31+deb11u2) ...
Setting up python3.9 (3.9.2-1+deb11u7) ...
Setting up libc-devtools (2.31-13+deb11u14) ...
Setting up gpg-wks-client (2.2.27-2+deb11u3) ...
Setting up dpkg-dev (1.20.13) ...
Setting up gnupg (2.2.27-2+deb11u3) ...
Setting up tasksel (3.68+deb11u1) ...
Setting up tasksel-data (3.68+deb11u1) ...
Processing triggers for initramfs-tools (0.140) ...
update-initramfs: Generating /boot/initrd.img-5.10.0-10-amd64
Processing triggers for libc-bin (2.31-13+deb11u14) ...
Processing triggers for man-db (2.9.4-2) ...
Processing triggers for ca-certificates (20230311+deb12u1~deb11u1) ...
Updating certificates in /etc/ssl/certs...
0 added, 0 removed; done.
Running hooks in /etc/ca-certificates/update.d...
done.
Server base setup finished (Tue 30 Jun 2026 02:13:12 PM CEST)
